This file contains any messages produced by compilers while
running configure, to aid debugging if configure makes a mistake.

It was created by Samtools configure 1.10, which was
generated by GNU Autoconf 2.68.  Invocation command line was

  $ ./configure 

## --------- ##
## Platform. ##
## --------- ##

hostname = midway3-login4.rcc.local
uname -m = x86_64
uname -r = 4.18.0-305.57.1.el8_4.x86_64
uname -s = Linux
uname -v = #1 SMP Tue Jul 5 17:55:55 EDT 2022

/usr/bin/uname -p = x86_64
/bin/uname -X     = unknown

/bin/arch              = x86_64
/usr/bin/arch -k       = unknown
/usr/convex/getsysinfo = unknown
/usr/bin/hostinfo      = unknown
/bin/machine           = unknown
/usr/bin/oslevel       = unknown
/bin/universe          = unknown

PATH: /home/npena/.local/bin
PATH: /home/npena/bin
PATH: /software/bin
PATH: /software/slurm-current-el8-x86_64/bin
PATH: /software/modules/bin
PATH: /usr/local/bin
PATH: /usr/bin
PATH: /usr/local/sbin
PATH: /usr/sbin
PATH: /opt/thinlinc/bin


## ----------- ##
## Core tests. ##
## ----------- ##

configure:2169: checking for gcc
configure:2185: found /usr/bin/gcc
configure:2196: result: gcc
configure:2425: checking for C compiler version
configure:2434: gcc --version >&5
gcc (GCC) 8.5.0 20210514 (Red Hat 8.5.0-10)
Copyright (C) 2018 Free Software Foundation, Inc.
This is free software; see the source for copying conditions.  There is NO
warranty; not even for MERCHANTABILITY or FITNESS FOR A PARTICULAR PURPOSE.

configure:2445: $? = 0
configure:2434: gcc -v >&5
Using built-in specs.
COLLECT_GCC=gcc
COLLECT_LTO_WRAPPER=/usr/libexec/gcc/x86_64-redhat-linux/8/lto-wrapper
OFFLOAD_TARGET_NAMES=nvptx-none
OFFLOAD_TARGET_DEFAULT=1
Target: x86_64-redhat-linux
Configured with: ../configure --enable-bootstrap --enable-languages=c,c++,fortran,lto --prefix=/usr --mandir=/usr/share/man --infodir=/usr/share/info --with-bugurl=http://bugzilla.redhat.com/bugzilla --enable-shared --enable-threads=posix --enable-checking=release --enable-multilib --with-system-zlib --enable-__cxa_atexit --disable-libunwind-exceptions --enable-gnu-unique-object --enable-linker-build-id --with-gcc-major-version-only --with-linker-hash-style=gnu --enable-plugin --enable-initfini-array --with-isl --disable-libmpx --enable-offload-targets=nvptx-none --without-cuda-driver --enable-gnu-indirect-function --enable-cet --with-tune=generic --with-arch_32=x86-64 --build=x86_64-redhat-linux
Thread model: posix
gcc version 8.5.0 20210514 (Red Hat 8.5.0-10) (GCC) 
configure:2445: $? = 0
configure:2434: gcc -V >&5
gcc: error: unrecognized command line option '-V'
gcc: fatal error: no input files
compilation terminated.
configure:2445: $? = 1
configure:2434: gcc -qversion >&5
gcc: error: unrecognized command line option '-qversion'; did you mean '--version'?
gcc: fatal error: no input files
compilation terminated.
configure:2445: $? = 1
configure:2465: checking whether the C compiler works
configure:2487: gcc    conftest.c  >&5
configure:2491: $? = 0
configure:2539: result: yes
configure:2542: checking for C compiler default output file name
configure:2544: result: a.out
configure:2550: checking for suffix of executables
configure:2557: gcc -o conftest    conftest.c  >&5
configure:2561: $? = 0
configure:2583: result: 
configure:2605: checking whether we are cross compiling
configure:2613: gcc -o conftest    conftest.c  >&5
configure:2617: $? = 0
configure:2624: ./conftest
configure:2628: $? = 0
configure:2643: result: no
configure:2648: checking for suffix of object files
configure:2670: gcc -c   conftest.c >&5
configure:2674: $? = 0
configure:2695: result: o
configure:2699: checking whether we are using the GNU C compiler
configure:2718: gcc -c   conftest.c >&5
configure:2718: $? = 0
configure:2727: result: yes
configure:2736: checking whether gcc accepts -g
configure:2756: gcc -c -g  conftest.c >&5
configure:2756: $? = 0
configure:2797: result: yes
configure:2814: checking for gcc option to accept ISO C89
configure:2878: gcc  -c -g -O2  conftest.c >&5
configure:2878: $? = 0
configure:2891: result: none needed
configure:2912: checking for grep that handles long lines and -e
configure:2970: result: /usr/bin/grep
configure:2995: checking for C compiler warning flags
configure:3107: result: -Wall
configure:3201: checking for special C compiler options needed for large files
configure:3246: result: no
configure:3252: checking for _FILE_OFFSET_BITS value needed for large files
configure:3277: gcc -c  -Wall -g -O2  conftest.c >&5
configure:3277: $? = 0
configure:3309: result: no
configure:3442: checking location of HTSlib source tree
configure:3463: result: htslib-1.10
configure:3689: checking for NcursesW wide-character library
configure:3713: gcc -o conftest  -Wall -g -O2   conftest.c  -lncursesw >&5
/usr/bin/ld: cannot find -lncursesw
collect2: error: ld returned 1 exit status
configure:3713: $? = 1
configure: failed program was:
| /* confdefs.h */
| #define PACKAGE_NAME "Samtools"
| #define PACKAGE_TARNAME "samtools"
| #define PACKAGE_VERSION "1.10"
| #define PACKAGE_STRING "Samtools 1.10"
| #define PACKAGE_BUGREPORT "samtools-help@lists.sourceforge.net"
| #define PACKAGE_URL "http://www.htslib.org/"
| /* end confdefs.h.  */
| 
| /* Override any GCC internal prototype to avoid an error.
|    Use char because int might match the return type of a GCC
|    builtin and then its argument prototype would still apply.  */
| #ifdef __cplusplus
| extern "C"
| #endif
| char initscr ();
| int
| main ()
| {
| return initscr ();
|   ;
|   return 0;
| }
configure:3722: result: no
configure:3951: checking for Ncurses library
configure:3975: gcc -o conftest  -Wall -g -O2   conftest.c  -lncurses >&5
/usr/bin/ld: cannot find -lncurses
collect2: error: ld returned 1 exit status
configure:3975: $? = 1
configure: failed program was:
| /* confdefs.h */
| #define PACKAGE_NAME "Samtools"
| #define PACKAGE_TARNAME "samtools"
| #define PACKAGE_VERSION "1.10"
| #define PACKAGE_STRING "Samtools 1.10"
| #define PACKAGE_BUGREPORT "samtools-help@lists.sourceforge.net"
| #define PACKAGE_URL "http://www.htslib.org/"
| /* end confdefs.h.  */
| 
| /* Override any GCC internal prototype to avoid an error.
|    Use char because int might match the return type of a GCC
|    builtin and then its argument prototype would still apply.  */
| #ifdef __cplusplus
| extern "C"
| #endif
| char initscr ();
| int
| main ()
| {
| return initscr ();
|   ;
|   return 0;
| }
configure:3984: result: no
configure:4137: checking for Curses library
configure:4161: gcc -o conftest  -Wall -g -O2   conftest.c  -lcurses >&5
/usr/bin/ld: cannot find -lcurses
collect2: error: ld returned 1 exit status
configure:4161: $? = 1
configure: failed program was:
| /* confdefs.h */
| #define PACKAGE_NAME "Samtools"
| #define PACKAGE_TARNAME "samtools"
| #define PACKAGE_VERSION "1.10"
| #define PACKAGE_STRING "Samtools 1.10"
| #define PACKAGE_BUGREPORT "samtools-help@lists.sourceforge.net"
| #define PACKAGE_URL "http://www.htslib.org/"
| /* end confdefs.h.  */
| 
| /* Override any GCC internal prototype to avoid an error.
|    Use char because int might match the return type of a GCC
|    builtin and then its argument prototype would still apply.  */
| #ifdef __cplusplus
| extern "C"
| #endif
| char initscr ();
| int
| main ()
| {
| return initscr ();
|   ;
|   return 0;
| }
configure:4170: result: no
configure:4413: error: curses development files not found

The 'samtools tview' command uses the curses text user interface library.
Building samtools with tview requires curses/ncurses/etc development files
to be installed on the build machine; you may need to ensure a package such
as libncurses5-dev (on Debian or Ubuntu Linux) or ncurses-devel (on RPM-based
Linux distributions) is installed.

FAILED.  Either configure --without-curses or resolve this error to build
samtools successfully.

## ---------------- ##
## Cache variables. ##
## ---------------- ##

ac_cv_c_compiler_gnu=yes
ac_cv_env_CC_set=
ac_cv_env_CC_value=
ac_cv_env_CFLAGS_set=
ac_cv_env_CFLAGS_value=
ac_cv_env_CPPFLAGS_set=
ac_cv_env_CPPFLAGS_value=
ac_cv_env_CURSES_LIB_set=
ac_cv_env_CURSES_LIB_value=
ac_cv_env_LDFLAGS_set=
ac_cv_env_LDFLAGS_value=
ac_cv_env_LIBS_set=
ac_cv_env_LIBS_value=
ac_cv_env_build_alias_set=
ac_cv_env_build_alias_value=
ac_cv_env_host_alias_set=
ac_cv_env_host_alias_value=
ac_cv_env_target_alias_set=
ac_cv_env_target_alias_value=
ac_cv_objext=o
ac_cv_path_GREP=/usr/bin/grep
ac_cv_prog_ac_ct_CC=gcc
ac_cv_prog_cc_c89=
ac_cv_prog_cc_g=yes
ac_cv_sys_file_offset_bits=no
ac_cv_sys_largefile_CC=no
ax_cv_curses=no
ax_cv_curses_color=no
ax_cv_curses_enhanced=no
ax_cv_curses_obsolete=no
ax_cv_curses_which=no
ax_cv_htslib=yes
ax_cv_htslib_which=source
ax_cv_ncurses=no
ax_cv_ncursesw=no
ax_cv_plaincurses=no
hts_cv_prog_cc_warnings=-Wall

## ----------------- ##
## Output variables. ##
## ----------------- ##

CC='gcc'
CFLAGS=' -Wall -g -O2'
CPPFLAGS=''
CURSES_LIB=''
DEFS=''
ECHO_C=''
ECHO_N='-n'
ECHO_T=''
EXEEXT=''
GREP='/usr/bin/grep'
HTSDIR='htslib-1.10'
HTSLIB_CPPFLAGS='-Ihtslib-1.10'
HTSLIB_LDFLAGS='-Lhtslib-1.10'
Hinstall='#'
Hsource=''
LDFLAGS=''
LIBOBJS=''
LIBS=''
LTLIBOBJS=''
OBJEXT='o'
PACKAGE_BUGREPORT='samtools-help@lists.sourceforge.net'
PACKAGE_NAME='Samtools'
PACKAGE_STRING='Samtools 1.10'
PACKAGE_TARNAME='samtools'
PACKAGE_URL='http://www.htslib.org/'
PACKAGE_VERSION='1.10'
PATH_SEPARATOR=':'
SHELL='/bin/sh'
ac_ct_CC='gcc'
bindir='${exec_prefix}/bin'
build_alias=''
datadir='${datarootdir}'
datarootdir='${prefix}/share'
docdir='${datarootdir}/doc/${PACKAGE_TARNAME}'
dvidir='${docdir}'
exec_prefix='NONE'
host_alias=''
htmldir='${docdir}'
includedir='${prefix}/include'
infodir='${datarootdir}/info'
libdir='${exec_prefix}/lib'
libexecdir='${exec_prefix}/libexec'
localedir='${datarootdir}/locale'
localstatedir='${prefix}/var'
mandir='${datarootdir}/man'
oldincludedir='/usr/include'
pdfdir='${docdir}'
prefix='NONE'
program_transform_name='s,x,x,'
psdir='${docdir}'
sbindir='${exec_prefix}/sbin'
sharedstatedir='${prefix}/com'
subdirs=' htslib-1.10'
sysconfdir='${prefix}/etc'
target_alias=''

## ----------- ##
## confdefs.h. ##
## ----------- ##

/* confdefs.h */
#define PACKAGE_NAME "Samtools"
#define PACKAGE_TARNAME "samtools"
#define PACKAGE_VERSION "1.10"
#define PACKAGE_STRING "Samtools 1.10"
#define PACKAGE_BUGREPORT "samtools-help@lists.sourceforge.net"
#define PACKAGE_URL "http://www.htslib.org/"

configure: exit 1
