Settings:
  Output files: "./bowtie2_index/upDownStream_combined_noDup/upDownStream_combined_noDup.*.bt2"
  Line rate: 6 (line is 64 bytes)
  Lines per side: 1 (side is 64 bytes)
  Offset rate: 4 (one in 16)
  FTable chars: 10
  Strings: unpacked
  Max bucket size: default
  Max bucket size, sqrt multiplier: default
  Max bucket size, len divisor: 40
  Difference-cover sample period: 1024
  Endianness: little
  Actual local endianness: little
  Sanity checking: disabled
  Assertions: disabled
  Random seed: 0
  Sizeofs: void*:8, int:4, long:8, size_t:8
Input files DNA, FASTA:
  upDownStream_combined_noDup.fa
Reading reference sizes
  Time reading reference sizes: 00:00:00
Calculating joined length
Writing header
Reserving space for joined string
Joining reference sequences
  Time to join reference sequences: 00:00:00
bmax according to bmaxDivN setting: 7538
Using parameters --bmax 5654 --dcv 1024
  Doing ahead-of-time memory usage test
  Passed!  Constructing with these parameters: --bmax 5654 --dcv 1024
Constructing suffix-array element generator
Building DifferenceCoverSample
  Building sPrime
  Building sPrimeOrder
  V-Sorting samples
  V-Sorting samples time: 00:00:00
  Allocating rank array
  Ranking v-sort output
  Ranking v-sort output time: 00:00:00
  Invoking Larsson-Sadakane on ranks
  Invoking Larsson-Sadakane on ranks time: 00:00:00
  Sanity-checking and returning
Building samples
Reserving space for 108 sample suffixes
Generating random suffixes
QSorting 108 sample offsets, eliminating duplicates
QSorting sample offsets, eliminating duplicates time: 00:00:00
Multikey QSorting 108 samples
  (Using difference cover)
  Multikey QSorting samples time: 00:00:00
Calculating bucket sizes
Splitting and merging
  Splitting and merging time: 00:00:00
Split 13, merged 46; iterating...
Splitting and merging
  Splitting and merging time: 00:00:00
Split 12, merged 7; iterating...
Splitting and merging
  Splitting and merging time: 00:00:00
Split 3, merged 6; iterating...
Splitting and merging
  Splitting and merging time: 00:00:00
Split 1, merged 2; iterating...
Splitting and merging
  Splitting and merging time: 00:00:00
Avg bucket size: 3966.86 (target: 5653)
Converting suffix-array elements to index image
Allocating ftab, absorbFtab
Entering Ebwt loop
Getting block 2 of 76
Getting block 1 of 76
Getting block 3 of 76
  Reserving size (5654) for bucket 2
  Reserving size (5654) for bucket 1
  Reserving size (5654) for bucket 3
Getting block 4 of 76
  Calculating Z arrays for bucket 2
  Calculating Z arrays for bucket 1
  Calculating Z arrays for bucket 3
  Reserving size (5654) for bucket 4
  Entering block accumulator loop for bucket 1:
  Entering block accumulator loop for bucket 2:
  Calculating Z arrays for bucket 4
  Entering block accumulator loop for bucket 3:
  Entering block accumulator loop for bucket 4:
  bucket 1: 10%
  bucket 2: 10%
  bucket 3: 10%
  bucket 4: 10%
  bucket 1: 20%
  bucket 2: 20%
  bucket 3: 20%
  bucket 4: 20%
  bucket 1: 30%
  bucket 2: 30%
  bucket 3: 30%
  bucket 4: 30%
  bucket 1: 40%
  bucket 2: 40%
  bucket 3: 40%
  bucket 4: 40%
  bucket 1: 50%
  bucket 2: 50%
  bucket 3: 50%
  bucket 4: 50%
  bucket 1: 60%
  bucket 2: 60%
  bucket 3: 60%
  bucket 1: 70%
  bucket 4: 60%
  bucket 2: 70%
  bucket 3: 70%
  bucket 1: 80%
  bucket 4: 70%
  bucket 2: 80%
  bucket 3: 80%
  bucket 1: 90%
  bucket 4: 80%
  bucket 2: 90%
  bucket 1: 100%
  Sorting block of length 1386 for bucket 1
  (Using difference cover)
  bucket 3: 90%
  bucket 4: 90%
  bucket 2: 100%
  Sorting block of length 5331 for bucket 2
  (Using difference cover)
  bucket 3: 100%
  Sorting block of length 5425 for bucket 3
  (Using difference cover)
  bucket 4: 100%
  Sorting block of length 3851 for bucket 4
  (Using difference cover)
  Sorting block time: 00:00:00
Returning block of 1387 for bucket 1
  Sorting block time: 00:00:00
Returning block of 5332 for bucket 2
  Sorting block time: 00:00:00
Returning block of 5426 for bucket 3
Getting block 5 of 76
  Reserving size (5654) for bucket 5
  Calculating Z arrays for bucket 5
  Sorting block time: 00:00:00
Returning block of 3852 for bucket 4
  Entering block accumulator loop for bucket 5:
Getting block 6 of 76
  Reserving size (5654) for bucket 6
  Calculating Z arrays for bucket 6
  Entering block accumulator loop for bucket 6:
  bucket 5: 10%
Getting block 7 of 76
  Reserving size (5654) for bucket 7
  bucket 6: 10%
  Calculating Z arrays for bucket 7
  Entering block accumulator loop for bucket 7:
Getting block 8 of 76
  Reserving size (5654) for bucket 8
  Calculating Z arrays for bucket 8
  Entering block accumulator loop for bucket 8:
  bucket 5: 20%
  bucket 6: 20%
  bucket 7: 10%
  bucket 8: 10%
  bucket 5: 30%
  bucket 6: 30%
  bucket 7: 20%
  bucket 8: 20%
  bucket 5: 40%
  bucket 6: 40%
  bucket 7: 30%
  bucket 8: 30%
  bucket 5: 50%
  bucket 6: 50%
  bucket 7: 40%
  bucket 8: 40%
  bucket 5: 60%
  bucket 6: 60%
  bucket 8: 50%
  bucket 7: 50%
  bucket 5: 70%
  bucket 6: 70%
  bucket 8: 60%
  bucket 5: 80%
  bucket 6: 80%
  bucket 7: 60%
  bucket 6: 90%
  bucket 5: 90%
  bucket 8: 70%
  bucket 7: 70%
  bucket 6: 100%
  Sorting block of length 3378 for bucket 6
  (Using difference cover)
  bucket 5: 100%
  Sorting block of length 4488 for bucket 5
  (Using difference cover)
  bucket 8: 80%
  bucket 7: 80%
  bucket 8: 90%
  bucket 7: 90%
  bucket 8: 100%
  Sorting block of length 2173 for bucket 8
  (Using difference cover)
  bucket 7: 100%
  Sorting block of length 5410 for bucket 7
  (Using difference cover)
  Sorting block time: 00:00:00
Returning block of 3379 for bucket 6
  Sorting block time: 00:00:00
Returning block of 4489 for bucket 5
Getting block 9 of 76
  Reserving size (5654) for bucket 9
  Calculating Z arrays for bucket 9
  Entering block accumulator loop for bucket 9:
  Sorting block time: 00:00:00
Returning block of 2174 for bucket 8
Getting block 10 of 76
  Reserving size (5654) for bucket 10
  Calculating Z arrays for bucket 10
  Entering block accumulator loop for bucket 10:
Getting block 11 of 76
  Reserving size (5654) for bucket 11
  Calculating Z arrays for bucket 11
  bucket 9: 10%
  Entering block accumulator loop for bucket 11:
  Sorting block time: 00:00:00
Returning block of 5411 for bucket 7
  bucket 10: 10%
  bucket 9: 20%
  bucket 11: 10%
Getting block 12 of 76
  Reserving size (5654) for bucket 12
  Calculating Z arrays for bucket 12
  Entering block accumulator loop for bucket 12:
  bucket 10: 20%
  bucket 9: 30%
  bucket 11: 20%
  bucket 12: 10%
  bucket 10: 30%
  bucket 9: 40%
  bucket 11: 30%
  bucket 12: 20%
  bucket 10: 40%
  bucket 9: 50%
  bucket 11: 40%
  bucket 12: 30%
  bucket 10: 50%
  bucket 9: 60%
  bucket 11: 50%
  bucket 12: 40%
  bucket 10: 60%
  bucket 9: 70%
  bucket 11: 60%
  bucket 9: 80%
  bucket 10: 70%
  bucket 12: 50%
  bucket 11: 70%
  bucket 9: 90%
  bucket 10: 80%
  bucket 12: 60%
  bucket 11: 80%
  bucket 9: 100%
  Sorting block of length 4672 for bucket 9
  (Using difference cover)
  bucket 10: 90%
  bucket 12: 70%
  bucket 11: 90%
  bucket 10: 100%
  Sorting block of length 3563 for bucket 10
  (Using difference cover)
  bucket 12: 80%
  bucket 11: 100%
  Sorting block of length 4834 for bucket 11
  (Using difference cover)
  bucket 12: 90%
  Sorting block time: 00:00:00
Returning block of 4673 for bucket 9
  bucket 12: 100%
  Sorting block of length 4950 for bucket 12
  (Using difference cover)
Getting block 13 of 76
  Reserving size (5654) for bucket 13
  Calculating Z arrays for bucket 13
  Entering block accumulator loop for bucket 13:
  Sorting block time: 00:00:00
Returning block of 3564 for bucket 10
Getting block 14 of 76
  Reserving size (5654) for bucket 14
  Calculating Z arrays for bucket 14
  Entering block accumulator loop for bucket 14:
  bucket 13: 10%
  Sorting block time: 00:00:00
Returning block of 4835 for bucket 11
  bucket 14: 10%
  bucket 13: 20%
Getting block 15 of 76
  Reserving size (5654) for bucket 15
  Calculating Z arrays for bucket 15
  Entering block accumulator loop for bucket 15:
  bucket 14: 20%
  bucket 13: 30%
  Sorting block time: 00:00:00
Returning block of 4951 for bucket 12
  bucket 15: 10%
  bucket 14: 30%
Getting block 16 of 76
  Reserving size (5654) for bucket 16
  Calculating Z arrays for bucket 16
  Entering block accumulator loop for bucket 16:
  bucket 13: 40%
  bucket 15: 20%
  bucket 14: 40%
  bucket 16: 10%
  bucket 13: 50%
  bucket 15: 30%
  bucket 14: 50%
  bucket 16: 20%
  bucket 13: 60%
  bucket 15: 40%
  bucket 14: 60%
  bucket 13: 70%
  bucket 16: 30%
  bucket 15: 50%
  bucket 14: 70%
  bucket 13: 80%
  bucket 16: 40%
  bucket 15: 60%
  bucket 14: 80%
  bucket 13: 90%
  bucket 16: 50%
  bucket 15: 70%
  bucket 14: 90%
  bucket 13: 100%
  Sorting block of length 5205 for bucket 13
  (Using difference cover)
  bucket 16: 60%
  bucket 15: 80%
  bucket 14: 100%
  Sorting block of length 636 for bucket 14
  (Using difference cover)
  bucket 16: 70%
  bucket 15: 90%
  Sorting block time: 00:00:00
Returning block of 637 for bucket 14
  bucket 16: 80%
  bucket 15: 100%
  Sorting block of length 5488 for bucket 15
  (Using difference cover)
Getting block 17 of 76
  Reserving size (5654) for bucket 17
  Calculating Z arrays for bucket 17
  Entering block accumulator loop for bucket 17:
  bucket 16: 90%
  bucket 17: 10%
  Sorting block time: 00:00:00
Returning block of 5206 for bucket 13
  bucket 16: 100%
  Sorting block of length 4552 for bucket 16
  (Using difference cover)
  bucket 17: 20%
Getting block 18 of 76
  Reserving size (5654) for bucket 18
  Calculating Z arrays for bucket 18
  Entering block accumulator loop for bucket 18:
  Sorting block time: 00:00:00
Returning block of 5489 for bucket 15
  bucket 17: 30%
  bucket 18: 10%
Getting block 19 of 76
  Reserving size (5654) for bucket 19
  Calculating Z arrays for bucket 19
  Entering block accumulator loop for bucket 19:
  Sorting block time: 00:00:00
Returning block of 4553 for bucket 16
  bucket 17: 40%
  bucket 18: 20%
  bucket 19: 10%
Getting block 20 of 76
  Reserving size (5654) for bucket 20
  Calculating Z arrays for bucket 20
  Entering block accumulator loop for bucket 20:
  bucket 17: 50%
  bucket 18: 30%
  bucket 19: 20%
  bucket 20: 10%
  bucket 17: 60%
  bucket 18: 40%
  bucket 19: 30%
  bucket 17: 70%
  bucket 20: 20%
  bucket 18: 50%
  bucket 19: 40%
  bucket 17: 80%
  bucket 18: 60%
  bucket 20: 30%
  bucket 19: 50%
  bucket 17: 90%
  bucket 18: 70%
  bucket 20: 40%
  bucket 19: 60%
  bucket 17: 100%
  Sorting block of length 5271 for bucket 17
  (Using difference cover)
  bucket 18: 80%
  bucket 19: 70%
  bucket 20: 50%
  bucket 18: 90%
  bucket 19: 80%
  bucket 20: 60%
  bucket 18: 100%
  Sorting block of length 3118 for bucket 18
  (Using difference cover)
  bucket 19: 90%
  bucket 20: 70%
  Sorting block time: 00:00:00
Returning block of 5272 for bucket 17
  bucket 19: 100%
  Sorting block of length 4211 for bucket 19
  (Using difference cover)
  Sorting block time: 00:00:00
Returning block of 3119 for bucket 18
  bucket 20: 80%
Getting block 21 of 76
  Reserving size (5654) for bucket 21
  Calculating Z arrays for bucket 21
  Entering block accumulator loop for bucket 21:
Getting block 22 of 76
  Reserving size (5654) for bucket 22
  Calculating Z arrays for bucket 22
  Entering block accumulator loop for bucket 22:
  bucket 20: 90%
  bucket 21: 10%
  Sorting block time: 00:00:00
Returning block of 4212 for bucket 19
  bucket 22: 10%
  bucket 20: 100%
  Sorting block of length 5330 for bucket 20
  (Using difference cover)
  bucket 21: 20%
Getting block 23 of 76
  Reserving size (5654) for bucket 23
  Calculating Z arrays for bucket 23
  Entering block accumulator loop for bucket 23:
  bucket 22: 20%
  bucket 21: 30%
  bucket 23: 10%
  bucket 22: 30%
  bucket 21: 40%
  bucket 23: 20%
  bucket 22: 40%
  Sorting block time: 00:00:00
Returning block of 5331 for bucket 20
  bucket 21: 50%
  bucket 23: 30%
Getting block 24 of 76
  Reserving size (5654) for bucket 24
  Calculating Z arrays for bucket 24
  Entering block accumulator loop for bucket 24:
  bucket 22: 50%
  bucket 21: 60%
  bucket 23: 40%
  bucket 24: 10%
  bucket 22: 60%
  bucket 21: 70%
  bucket 23: 50%
  bucket 24: 20%
  bucket 22: 70%
  bucket 21: 80%
  bucket 23: 60%
  bucket 24: 30%
  bucket 22: 80%
  bucket 21: 90%
  bucket 23: 70%
  bucket 24: 40%
  bucket 22: 90%
  bucket 21: 100%
  Sorting block of length 3718 for bucket 21
  (Using difference cover)
  bucket 23: 80%
  bucket 24: 50%
  bucket 22: 100%
  Sorting block of length 5037 for bucket 22
  (Using difference cover)
  bucket 23: 90%
  bucket 24: 60%
  bucket 23: 100%
  Sorting block of length 2007 for bucket 23
  (Using difference cover)
  Sorting block time: 00:00:00
Returning block of 3719 for bucket 21
  bucket 24: 70%
Getting block 25 of 76
  Reserving size (5654) for bucket 25
  Calculating Z arrays for bucket 25
  Entering block accumulator loop for bucket 25:
  Sorting block time: 00:00:00
Returning block of 5038 for bucket 22
  bucket 24: 80%
  Sorting block time: 00:00:00
Returning block of 2008 for bucket 23
Getting block 26 of 76
  bucket 25: 10%
  Reserving size (5654) for bucket 26
  Calculating Z arrays for bucket 26
  Entering block accumulator loop for bucket 26:
  bucket 24: 90%
Getting block 27 of 76
  Reserving size (5654) for bucket 27
  Calculating Z arrays for bucket 27
  Entering block accumulator loop for bucket 27:
  bucket 25: 20%
  bucket 26: 10%
  bucket 24: 100%
  Sorting block of length 4521 for bucket 24
  (Using difference cover)
  bucket 27: 10%
  bucket 25: 30%
  bucket 26: 20%
  bucket 27: 20%
  bucket 25: 40%
  bucket 26: 30%
  bucket 27: 30%
  Sorting block time: 00:00:00
Returning block of 4522 for bucket 24
  bucket 25: 50%
  bucket 26: 40%
Getting block 28 of 76
  Reserving size (5654) for bucket 28
  Calculating Z arrays for bucket 28
  Entering block accumulator loop for bucket 28:
  bucket 27: 40%
  bucket 25: 60%
  bucket 26: 50%
  bucket 27: 50%
  bucket 28: 10%
  bucket 25: 70%
  bucket 26: 60%
  bucket 27: 60%
  bucket 28: 20%
  bucket 25: 80%
  bucket 26: 70%
  bucket 27: 70%
  bucket 28: 30%
  bucket 25: 90%
  bucket 26: 80%
  bucket 27: 80%
  bucket 28: 40%
  bucket 25: 100%
  Sorting block of length 3643 for bucket 25
  (Using difference cover)
  bucket 26: 90%
  bucket 27: 90%
  bucket 28: 50%
  bucket 26: 100%
  Sorting block of length 3959 for bucket 26
  (Using difference cover)
  bucket 27: 100%
  Sorting block of length 4971 for bucket 27
  (Using difference cover)
  bucket 28: 60%
  Sorting block time: 00:00:00
Returning block of 3644 for bucket 25
  bucket 28: 70%
Getting block 29 of 76
  Reserving size (5654) for bucket 29
  Calculating Z arrays for bucket 29
  Entering block accumulator loop for bucket 29:
  Sorting block time: 00:00:00
Returning block of 3960 for bucket 26
  bucket 28: 80%
  bucket 29: 10%
Getting block 30 of 76
  Reserving size (5654) for bucket 30
  Calculating Z arrays for bucket 30
  Entering block accumulator loop for bucket 30:
  Sorting block time: 00:00:00
Returning block of 4972 for bucket 27
  bucket 28: 90%
  bucket 29: 20%
Getting block 31 of 76
  Reserving size (5654) for bucket 31
  Calculating Z arrays for bucket 31
  Entering block accumulator loop for bucket 31:
  bucket 30: 10%
  bucket 28: 100%
  Sorting block of length 3381 for bucket 28
  (Using difference cover)
  bucket 29: 30%
  bucket 30: 20%
  bucket 31: 10%
  bucket 29: 40%
  bucket 30: 30%
  bucket 31: 20%
  bucket 29: 50%
  Sorting block time: 00:00:00
Returning block of 3382 for bucket 28
  bucket 30: 40%
  bucket 31: 30%
Getting block 32 of 76
  Reserving size (5654) for bucket 32
  Calculating Z arrays for bucket 32
  Entering block accumulator loop for bucket 32:
  bucket 29: 60%
  bucket 30: 50%
  bucket 31: 40%
  bucket 32: 10%
  bucket 29: 70%
  bucket 30: 60%
  bucket 31: 50%
  bucket 32: 20%
  bucket 29: 80%
  bucket 30: 70%
  bucket 31: 60%
  bucket 32: 30%
  bucket 29: 90%
  bucket 30: 80%
  bucket 31: 70%
  bucket 32: 40%
  bucket 29: 100%
  Sorting block of length 5121 for bucket 29
  (Using difference cover)
  bucket 30: 90%
  bucket 31: 80%
  bucket 32: 50%
  bucket 30: 100%
  Sorting block of length 4438 for bucket 30
  (Using difference cover)
  bucket 31: 90%
  bucket 32: 60%
  bucket 31: 100%
  Sorting block of length 5143 for bucket 31
  (Using difference cover)
  bucket 32: 70%
  Sorting block time: 00:00:00
Returning block of 5122 for bucket 29
  bucket 32: 80%
  Sorting block time: 00:00:00
Returning block of 4439 for bucket 30
Getting block 33 of 76
  Reserving size (5654) for bucket 33
  Calculating Z arrays for bucket 33
  Entering block accumulator loop for bucket 33:
Getting block 34 of 76
  Reserving size (5654) for bucket 34
  Calculating Z arrays for bucket 34
  Entering block accumulator loop for bucket 34:
  Sorting block time: 00:00:00
Returning block of 5144 for bucket 31
  bucket 32: 90%
  bucket 33: 10%
Getting block 35 of 76
  Reserving size (5654) for bucket 35
  Calculating Z arrays for bucket 35
  Entering block accumulator loop for bucket 35:
  bucket 34: 10%
  bucket 32: 100%
  Sorting block of length 5281 for bucket 32
  (Using difference cover)
  bucket 33: 20%
  bucket 35: 10%
  bucket 34: 20%
  bucket 33: 30%
  bucket 34: 30%
  bucket 35: 20%
  bucket 33: 40%
  bucket 34: 40%
  Sorting block time: 00:00:00
Returning block of 5282 for bucket 32
  bucket 35: 30%
  bucket 33: 50%
Getting block 36 of 76
  Reserving size (5654) for bucket 36
  Calculating Z arrays for bucket 36
  Entering block accumulator loop for bucket 36:
  bucket 34: 50%
  bucket 35: 40%
  bucket 33: 60%
  bucket 36: 10%
  bucket 34: 60%
  bucket 33: 70%
  bucket 35: 50%
  bucket 36: 20%
  bucket 34: 70%
  bucket 33: 80%
  bucket 35: 60%
  bucket 36: 30%
  bucket 34: 80%
  bucket 33: 90%
  bucket 35: 70%
  bucket 36: 40%
  bucket 34: 90%
  bucket 33: 100%
  Sorting block of length 2785 for bucket 33
  (Using difference cover)
  bucket 36: 50%
  bucket 35: 80%
  bucket 34: 100%
  Sorting block of length 3061 for bucket 34
  (Using difference cover)
  bucket 36: 60%
  bucket 35: 90%
  Sorting block time: 00:00:00
Returning block of 2786 for bucket 33
  bucket 36: 70%
Getting block 37 of 76
  Reserving size (5654) for bucket 37
  Calculating Z arrays for bucket 37
  Entering block accumulator loop for bucket 37:
  Sorting block time: 00:00:00
Returning block of 3062 for bucket 34
  bucket 35: 100%
  Sorting block of length 3797 for bucket 35
  (Using difference cover)
Getting block 38 of 76
  Reserving size (5654) for bucket 38
  Calculating Z arrays for bucket 38
  Entering block accumulator loop for bucket 38:
  bucket 36: 80%
  bucket 37: 10%
  bucket 38: 10%
  bucket 36: 90%
  bucket 37: 20%
  Sorting block time: 00:00:00
Returning block of 3798 for bucket 35
  bucket 38: 20%
Getting block 39 of 76
  Reserving size (5654) for bucket 39
  Calculating Z arrays for bucket 39
  bucket 36: 100%
  Entering block accumulator loop for bucket 39:
  Sorting block of length 4883 for bucket 36
  (Using difference cover)
  bucket 37: 30%
  bucket 38: 30%
  bucket 39: 10%
  bucket 37: 40%
  bucket 38: 40%
  bucket 39: 20%
  bucket 37: 50%
  Sorting block time: 00:00:00
Returning block of 4884 for bucket 36
  bucket 38: 50%
  bucket 39: 30%
  bucket 37: 60%
Getting block 40 of 76
  Reserving size (5654) for bucket 40
  Calculating Z arrays for bucket 40
  Entering block accumulator loop for bucket 40:
  bucket 38: 60%
  bucket 39: 40%
  bucket 37: 70%
  bucket 40: 10%
  bucket 38: 70%
  bucket 39: 50%
  bucket 37: 80%
  bucket 40: 20%
  bucket 38: 80%
  bucket 39: 60%
  bucket 37: 90%
  bucket 40: 30%
  bucket 38: 90%
  bucket 37: 100%
  Sorting block of length 4162 for bucket 37
  (Using difference cover)
  bucket 39: 70%
  bucket 40: 40%
  bucket 38: 100%
  Sorting block of length 4291 for bucket 38
  (Using difference cover)
  bucket 39: 80%
  bucket 40: 50%
  bucket 39: 90%
  bucket 40: 60%
  Sorting block time: 00:00:00
Returning block of 4163 for bucket 37
  bucket 39: 100%
  Sorting block of length 5634 for bucket 39
  Sorting block time: 00:00:00
  (Using difference cover)
Returning block of 4292 for bucket 38
  bucket 40: 70%
Getting block 41 of 76
  Reserving size (5654) for bucket 41
  Calculating Z arrays for bucket 41
  Entering block accumulator loop for bucket 41:
Getting block 42 of 76
  Reserving size (5654) for bucket 42
  Calculating Z arrays for bucket 42
  Entering block accumulator loop for bucket 42:
  bucket 40: 80%
  bucket 41: 10%
  bucket 42: 10%
  bucket 40: 90%
  bucket 41: 20%
  bucket 42: 20%
  Sorting block time: 00:00:00
Returning block of 5635 for bucket 39
  bucket 40: 100%
  Sorting block of length 4859 for bucket 40
  (Using difference cover)
  bucket 41: 30%
Getting block 43 of 76
  bucket 42: 30%
  Reserving size (5654) for bucket 43
  Calculating Z arrays for bucket 43
  Entering block accumulator loop for bucket 43:
  bucket 41: 40%
  bucket 42: 40%
  bucket 43: 10%
  bucket 41: 50%
  bucket 42: 50%
  bucket 43: 20%
  Sorting block time: 00:00:00
Returning block of 4860 for bucket 40
  bucket 41: 60%
  bucket 43: 30%
  bucket 42: 60%
Getting block 44 of 76
  Reserving size (5654) for bucket 44
  Calculating Z arrays for bucket 44
  Entering block accumulator loop for bucket 44:
  bucket 41: 70%
  bucket 43: 40%
  bucket 42: 70%
  bucket 44: 10%
  bucket 43: 50%
  bucket 41: 80%
  bucket 42: 80%
  bucket 44: 20%
  bucket 43: 60%
  bucket 41: 90%
  bucket 42: 90%
  bucket 44: 30%
  bucket 43: 70%
  bucket 41: 100%
  Sorting block of length 2341 for bucket 41
  (Using difference cover)
  bucket 42: 100%
  Sorting block of length 5365 for bucket 42
  (Using difference cover)
  bucket 44: 40%
  bucket 43: 80%
  bucket 44: 50%
  bucket 43: 90%
  Sorting block time: 00:00:00
Returning block of 2342 for bucket 41
  bucket 44: 60%
Getting block 45 of 76
  Reserving size (5654) for bucket 45
  Calculating Z arrays for bucket 45
  Entering block accumulator loop for bucket 45:
  bucket 43: 100%
  Sorting block of length 2245 for bucket 43
  (Using difference cover)
  bucket 44: 70%
  Sorting block time: 00:00:00
Returning block of 5366 for bucket 42
  bucket 45: 10%
Getting block 46 of 76
  Reserving size (5654) for bucket 46
  Calculating Z arrays for bucket 46
  Entering block accumulator loop for bucket 46:
  bucket 44: 80%
  Sorting block time: 00:00:00
Returning block of 2246 for bucket 43
  bucket 45: 20%
Getting block 47 of 76
  Reserving size (5654) for bucket 47
  Calculating Z arrays for bucket 47
  Entering block accumulator loop for bucket 47:
  bucket 46: 10%
  bucket 44: 90%
  bucket 45: 30%
  bucket 47: 10%
  bucket 44: 100%
  Sorting block of length 4152 for bucket 44
  (Using difference cover)
  bucket 46: 20%
  bucket 45: 40%
  bucket 47: 20%
  bucket 46: 30%
  bucket 45: 50%
  bucket 47: 30%
  bucket 46: 40%
  bucket 45: 60%
  bucket 47: 40%
  bucket 46: 50%
  Sorting block time: 00:00:00
Returning block of 4153 for bucket 44
  bucket 45: 70%
Getting block 48 of 76
  Reserving size (5654) for bucket 48
  Calculating Z arrays for bucket 48
  Entering block accumulator loop for bucket 48:
  bucket 47: 50%
  bucket 46: 60%
  bucket 45: 80%
  bucket 48: 10%
  bucket 47: 60%
  bucket 46: 70%
  bucket 45: 90%
  bucket 48: 20%
  bucket 45: 100%
  bucket 46: 80%
  Sorting block of length 2214 for bucket 45
  (Using difference cover)
  bucket 47: 70%
  bucket 48: 30%
  bucket 46: 90%
  bucket 47: 80%
  Sorting block time: 00:00:00
Returning block of 2215 for bucket 45
  bucket 48: 40%
  bucket 46: 100%
  Sorting block of length 5025 for bucket 46
  (Using difference cover)
  bucket 47: 90%
Getting block 49 of 76
  Reserving size (5654) for bucket 49
  Calculating Z arrays for bucket 49
  Entering block accumulator loop for bucket 49:
  bucket 48: 50%
  bucket 47: 100%
  Sorting block of length 2874 for bucket 47
  (Using difference cover)
  bucket 49: 10%
  bucket 48: 60%
  bucket 49: 20%
  bucket 48: 70%
  Sorting block time: 00:00:00
Returning block of 2875 for bucket 47
  bucket 49: 30%
  Sorting block time: 00:00:00
Returning block of 5026 for bucket 46
Getting block 50 of 76
  Reserving size (5654) for bucket 50
  Calculating Z arrays for bucket 50
  Entering block accumulator loop for bucket 50:
  bucket 48: 80%
Getting block 51 of 76
  Reserving size (5654) for bucket 51
  Calculating Z arrays for bucket 51
  Entering block accumulator loop for bucket 51:
  bucket 49: 40%
  bucket 50: 10%
  bucket 48: 90%
  bucket 51: 10%
  bucket 49: 50%
  bucket 50: 20%
  bucket 48: 100%
  Sorting block of length 3354 for bucket 48
  (Using difference cover)
  bucket 51: 20%
  bucket 49: 60%
  bucket 50: 30%
  bucket 51: 30%
  bucket 49: 70%
  bucket 50: 40%
  Sorting block time: 00:00:00
Returning block of 3355 for bucket 48
  bucket 51: 40%
  bucket 49: 80%
  bucket 50: 50%
Getting block 52 of 76
  Reserving size (5654) for bucket 52
  Calculating Z arrays for bucket 52
  Entering block accumulator loop for bucket 52:
  bucket 51: 50%
  bucket 49: 90%
  bucket 50: 60%
  bucket 52: 10%
  bucket 51: 60%
  bucket 49: 100%
  Sorting block of length 3389 for bucket 49
  (Using difference cover)
  bucket 50: 70%
  bucket 52: 20%
  bucket 51: 70%
  bucket 50: 80%
  bucket 52: 30%
  bucket 51: 80%
  bucket 50: 90%
  Sorting block time: 00:00:00
Returning block of 3390 for bucket 49
Getting block 53 of 76
  Reserving size (5654) for bucket 53
  bucket 52: 40%
  Calculating Z arrays for bucket 53
  bucket 51: 90%
  Entering block accumulator loop for bucket 53:
  bucket 50: 100%
  Sorting block of length 3513 for bucket 50
  (Using difference cover)
  bucket 53: 10%
  bucket 51: 100%
  Sorting block of length 3664 for bucket 51
  (Using difference cover)
  bucket 52: 50%
  bucket 53: 20%
  bucket 52: 60%
  Sorting block time: 00:00:00
Returning block of 3514 for bucket 50
  bucket 53: 30%
Getting block 54 of 76
  Reserving size (5654) for bucket 54
  Calculating Z arrays for bucket 54
  bucket 52: 70%
  Entering block accumulator loop for bucket 54:
  Sorting block time: 00:00:00
Returning block of 3665 for bucket 51
  bucket 53: 40%
Getting block 55 of 76
  Reserving size (5654) for bucket 55
  Calculating Z arrays for bucket 55
  Entering block accumulator loop for bucket 55:
  bucket 54: 10%
  bucket 52: 80%
  bucket 53: 50%
  bucket 55: 10%
  bucket 54: 20%
  bucket 52: 90%
  bucket 53: 60%
  bucket 55: 20%
  bucket 54: 30%
  bucket 53: 70%
  bucket 52: 100%
  Sorting block of length 3923 for bucket 52
  (Using difference cover)
  bucket 55: 30%
  bucket 54: 40%
  bucket 53: 80%
  bucket 55: 40%
  bucket 54: 50%
  bucket 53: 90%
  Sorting block time: 00:00:00
Returning block of 3924 for bucket 52
Getting block 56 of 76
  Reserving size (5654) for bucket 56
  Calculating Z arrays for bucket 56
  bucket 55: 50%
  Entering block accumulator loop for bucket 56:
  bucket 53: 100%
  bucket 54: 60%
  Sorting block of length 2787 for bucket 53
  (Using difference cover)
  bucket 55: 60%
  bucket 56: 10%
  bucket 54: 70%
  bucket 55: 70%
  bucket 56: 20%
  Sorting block time: 00:00:00
Returning block of 2788 for bucket 53
  bucket 54: 80%
Getting block 57 of 76
  Reserving size (5654) for bucket 57
  Calculating Z arrays for bucket 57
  Entering block accumulator loop for bucket 57:
  bucket 55: 80%
  bucket 56: 30%
  bucket 54: 90%
  bucket 57: 10%
  bucket 55: 90%
  bucket 56: 40%
  bucket 54: 100%
  Sorting block of length 3335 for bucket 54
  (Using difference cover)
  bucket 57: 20%
  bucket 55: 100%
  Sorting block of length 4306 for bucket 55
  (Using difference cover)
  bucket 56: 50%
  bucket 57: 30%
  Sorting block time: 00:00:00
Returning block of 3336 for bucket 54
  bucket 56: 60%
Getting block 58 of 76
  Reserving size (5654) for bucket 58
  Calculating Z arrays for bucket 58
  Entering block accumulator loop for bucket 58:
  bucket 57: 40%
  bucket 56: 70%
  Sorting block time: 00:00:00
Returning block of 4307 for bucket 55
  bucket 58: 10%
Getting block 59 of 76
  Reserving size (5654) for bucket 59
  Calculating Z arrays for bucket 59
  Entering block accumulator loop for bucket 59:
  bucket 56: 80%
  bucket 57: 50%
  bucket 58: 20%
  bucket 56: 90%
  bucket 57: 60%
  bucket 59: 10%
  bucket 58: 30%
  bucket 56: 100%
  bucket 57: 70%
  Sorting block of length 2990 for bucket 56
  (Using difference cover)
  bucket 59: 20%
  bucket 57: 80%
  bucket 58: 40%
  bucket 59: 30%
  bucket 57: 90%
  Sorting block time: 00:00:00
Returning block of 2991 for bucket 56
  bucket 58: 50%
  bucket 59: 40%
Getting block 60 of 76
  Reserving size (5654) for bucket 60
  Calculating Z arrays for bucket 60
  Entering block accumulator loop for bucket 60:
  bucket 57: 100%
  Sorting block of length 2958 for bucket 57
  (Using difference cover)
  bucket 58: 60%
  bucket 59: 50%
  bucket 60: 10%
  bucket 58: 70%
  bucket 59: 60%
  Sorting block time: 00:00:00
Returning block of 2959 for bucket 57
  bucket 60: 20%
  bucket 58: 80%
Getting block 61 of 76
  Reserving size (5654) for bucket 61
  Calculating Z arrays for bucket 61
  Entering block accumulator loop for bucket 61:
  bucket 59: 70%
  bucket 60: 30%
  bucket 58: 90%
  bucket 61: 10%
  bucket 59: 80%
  bucket 60: 40%
  bucket 58: 100%
  Sorting block of length 4465 for bucket 58
  (Using difference cover)
  bucket 61: 20%
  bucket 59: 90%
  bucket 60: 50%
  bucket 61: 30%
  bucket 59: 100%
  Sorting block of length 4832 for bucket 59
  (Using difference cover)
  bucket 60: 60%
  Sorting block time: 00:00:00
Returning block of 4466 for bucket 58
  bucket 61: 40%
Getting block 62 of 76
  Reserving size (5654) for bucket 62
  Calculating Z arrays for bucket 62
  Entering block accumulator loop for bucket 62:
  bucket 60: 70%
  bucket 61: 50%
  bucket 62: 10%
  bucket 60: 80%
  Sorting block time: 00:00:00
Returning block of 4833 for bucket 59
  bucket 61: 60%
Getting block 63 of 76
  Reserving size (5654) for bucket 63
  Calculating Z arrays for bucket 63
  Entering block accumulator loop for bucket 63:
  bucket 62: 20%
  bucket 60: 90%
  bucket 61: 70%
  bucket 63: 10%
  bucket 62: 30%
  bucket 60: 100%
  Sorting block of length 4510 for bucket 60
  (Using difference cover)
  bucket 61: 80%
  bucket 62: 40%
  bucket 63: 20%
  bucket 61: 90%
  bucket 62: 50%
  bucket 63: 30%
  bucket 61: 100%
  Sorting block of length 3599 for bucket 61
  (Using difference cover)
  bucket 62: 60%
  bucket 63: 40%
  Sorting block time: 00:00:00
Returning block of 4511 for bucket 60
Getting block 64 of 76
  Reserving size (5654) for bucket 64
  Calculating Z arrays for bucket 64
  Entering block accumulator loop for bucket 64:
  bucket 62: 70%
  bucket 63: 50%
  bucket 64: 10%
  bucket 62: 80%
  bucket 63: 60%
  Sorting block time: 00:00:00
Returning block of 3600 for bucket 61
Getting block 65 of 76
  bucket 62: 90%
  bucket 64: 20%
  Reserving size (5654) for bucket 65
  Calculating Z arrays for bucket 65
  Entering block accumulator loop for bucket 65:
  bucket 63: 70%
  bucket 62: 100%
  Sorting block of length 4654 for bucket 62
  (Using difference cover)
  bucket 64: 30%
  bucket 65: 10%
  bucket 63: 80%
  bucket 64: 40%
  bucket 65: 20%
  bucket 63: 90%
  bucket 64: 50%
  bucket 63: 100%
  Sorting block of length 2661 for bucket 63
  (Using difference cover)
  bucket 65: 30%
  Sorting block time: 00:00:00
Returning block of 4655 for bucket 62
  bucket 64: 60%
  bucket 65: 40%
Getting block 66 of 76
  Reserving size (5654) for bucket 66
  Calculating Z arrays for bucket 66
  Entering block accumulator loop for bucket 66:
  Sorting block time: 00:00:00
Returning block of 2662 for bucket 63
  bucket 64: 70%
Getting block 67 of 76
  Reserving size (5654) for bucket 67
  Calculating Z arrays for bucket 67
  Entering block accumulator loop for bucket 67:
  bucket 65: 50%
  bucket 66: 10%
  bucket 64: 80%
  bucket 67: 10%
  bucket 65: 60%
  bucket 66: 20%
  bucket 64: 90%
  bucket 67: 20%
  bucket 65: 70%
  bucket 66: 30%
  bucket 64: 100%
  Sorting block of length 5377 for bucket 64
  (Using difference cover)
  bucket 67: 30%
  bucket 65: 80%
  bucket 66: 40%
  bucket 67: 40%
  bucket 65: 90%
  bucket 66: 50%
  bucket 67: 50%
  bucket 65: 100%
  Sorting block of length 3905 for bucket 65
  (Using difference cover)
  bucket 66: 60%
  Sorting block time: 00:00:00
Returning block of 5378 for bucket 64
  bucket 67: 60%
  bucket 66: 70%
Getting block 68 of 76
  Reserving size (5654) for bucket 68
  Calculating Z arrays for bucket 68
  Entering block accumulator loop for bucket 68:
  bucket 67: 70%
  bucket 66: 80%
  bucket 68: 10%
  Sorting block time: 00:00:00
Returning block of 3906 for bucket 65
  bucket 67: 80%
  bucket 66: 90%
Getting block 69 of 76
  Reserving size (5654) for bucket 69
  Calculating Z arrays for bucket 69
  Entering block accumulator loop for bucket 69:
  bucket 68: 20%
  bucket 67: 90%
  bucket 66: 100%
  Sorting block of length 4162 for bucket 66
  (Using difference cover)
  bucket 69: 10%
  bucket 68: 30%
  bucket 67: 100%
  Sorting block of length 2745 for bucket 67
  (Using difference cover)
  bucket 69: 20%
  bucket 68: 40%
  bucket 69: 30%
  Sorting block time: 00:00:00
Returning block of 2746 for bucket 67
  bucket 68: 50%
  Sorting block time: 00:00:00
Returning block of 4163 for bucket 66
Getting block 70 of 76
  Reserving size (5654) for bucket 70
  Calculating Z arrays for bucket 70
  Entering block accumulator loop for bucket 70:
  bucket 69: 40%
  bucket 68: 60%
Getting block 71 of 76
  Reserving size (5654) for bucket 71
  Calculating Z arrays for bucket 71
  Entering block accumulator loop for bucket 71:
  bucket 69: 50%
  bucket 70: 10%
  bucket 68: 70%
  bucket 71: 10%
  bucket 69: 60%
  bucket 70: 20%
  bucket 68: 80%
  bucket 71: 20%
  bucket 69: 70%
  bucket 70: 30%
  bucket 68: 90%
  bucket 71: 30%
  bucket 69: 80%
  bucket 70: 40%
  bucket 68: 100%
  Sorting block of length 4405 for bucket 68
  (Using difference cover)
  bucket 71: 40%
  bucket 69: 90%
  bucket 70: 50%
  bucket 71: 50%
  bucket 69: 100%
  Sorting block of length 1788 for bucket 69
  (Using difference cover)
  bucket 70: 60%
  bucket 71: 60%
  Sorting block time: 00:00:00
Returning block of 4406 for bucket 68
  bucket 70: 70%
  Sorting block time: 00:00:00
Returning block of 1789 for bucket 69
Getting block 72 of 76
  Reserving size (5654) for bucket 72
  Calculating Z arrays for bucket 72
  Entering block accumulator loop for bucket 72:
  bucket 71: 70%
Getting block 73 of 76
  Reserving size (5654) for bucket 73
  Calculating Z arrays for bucket 73
  Entering block accumulator loop for bucket 73:
  bucket 70: 80%
  bucket 72: 10%
  bucket 71: 80%
  bucket 73: 10%
  bucket 70: 90%
  bucket 71: 90%
  bucket 72: 20%
  bucket 73: 20%
  bucket 70: 100%
  Sorting block of length 4203 for bucket 70
  (Using difference cover)
  bucket 71: 100%
  Sorting block of length 5048 for bucket 71
  (Using difference cover)
  bucket 72: 30%
  bucket 73: 30%
  bucket 72: 40%
  bucket 73: 40%
  Sorting block time: 00:00:00
Returning block of 4204 for bucket 70
  bucket 72: 50%
  bucket 73: 50%
Getting block 74 of 76
  Reserving size (5654) for bucket 74
  Calculating Z arrays for bucket 74
  Entering block accumulator loop for bucket 74:
  Sorting block time: 00:00:00
Returning block of 5049 for bucket 71
  bucket 73: 60%
  bucket 72: 60%
  bucket 74: 10%
Getting block 75 of 76
  Reserving size (5654) for bucket 75
  Calculating Z arrays for bucket 75
  Entering block accumulator loop for bucket 75:
  bucket 73: 70%
  bucket 72: 70%
  bucket 74: 20%
  bucket 75: 10%
  bucket 73: 80%
  bucket 72: 80%
  bucket 74: 30%
  bucket 75: 20%
  bucket 73: 90%
  bucket 72: 90%
  bucket 74: 40%
  bucket 75: 30%
  bucket 73: 100%
  Sorting block of length 2101 for bucket 73
  (Using difference cover)
  bucket 72: 100%
  Sorting block of length 5533 for bucket 72
  (Using difference cover)
  bucket 74: 50%
  bucket 75: 40%
  bucket 74: 60%
  Sorting block time: 00:00:00
Returning block of 2102 for bucket 73
  bucket 75: 50%
Getting block 76 of 76
  Reserving size (5654) for bucket 76
  Calculating Z arrays for bucket 76
  Entering block accumulator loop for bucket 76:
  bucket 74: 70%
  bucket 75: 60%
  bucket 76: 10%
  bucket 74: 80%
  Sorting block time: 00:00:00
Returning block of 5534 for bucket 72
  bucket 75: 70%
  bucket 76: 20%
  bucket 74: 90%
  bucket 76: 30%
  bucket 75: 80%
  bucket 74: 100%
  Sorting block of length 5055 for bucket 74
  (Using difference cover)
  bucket 76: 40%
  bucket 75: 90%
  bucket 76: 50%
  bucket 75: 100%
  Sorting block of length 5433 for bucket 75
  (Using difference cover)
  bucket 76: 60%
  Sorting block time: 00:00:00
Returning block of 5056 for bucket 74
  bucket 76: 70%
  bucket 76: 80%
  Sorting block time: 00:00:00
Returning block of 5434 for bucket 75
  bucket 76: 90%
  bucket 76: 100%
  Sorting block of length 606 for bucket 76
  (Using difference cover)
  Sorting block time: 00:00:00
Returning block of 607 for bucket 76
Exited Ebwt loop
fchr[A]: 0
fchr[C]: 80521
fchr[G]: 142692
fchr[T]: 207370
fchr[$]: 301556
Exiting Ebwt::buildToDisk()
Returning from initFromVector
Wrote 4348725 bytes to primary EBWT file: ./bowtie2_index/upDownStream_combined_noDup/upDownStream_combined_noDup.1.bt2
Wrote 75396 bytes to secondary EBWT file: ./bowtie2_index/upDownStream_combined_noDup/upDownStream_combined_noDup.2.bt2
Re-opening _in1 and _in2 as input streams
Returning from Ebwt constructor
Headers:
    len: 301556
    bwtLen: 301557
    sz: 75389
    bwtSz: 75390
    lineRate: 6
    offRate: 4
    offMask: 0xfffffff0
    ftabChars: 10
    eftabLen: 20
    eftabSz: 80
    ftabLen: 1048577
    ftabSz: 4194308
    offsLen: 18848
    offsSz: 75392
    lineSz: 64
    sideSz: 64
    sideBwtSz: 48
    sideBwtLen: 192
    numSides: 1571
    numLines: 1571
    ebwtTotLen: 100544
    ebwtTotSz: 100544
    color: 0
    reverse: 0
Total time for call to driver() for forward index: 00:00:00
Reading reference sizes
  Time reading reference sizes: 00:00:00
Calculating joined length
Writing header
Reserving space for joined string
Joining reference sequences
  Time to join reference sequences: 00:00:00
  Time to reverse reference sequence: 00:00:00
bmax according to bmaxDivN setting: 7538
Using parameters --bmax 5654 --dcv 1024
  Doing ahead-of-time memory usage test
  Passed!  Constructing with these parameters: --bmax 5654 --dcv 1024
Constructing suffix-array element generator
Building DifferenceCoverSample
  Building sPrime
  Building sPrimeOrder
  V-Sorting samples
  V-Sorting samples time: 00:00:00
  Allocating rank array
  Ranking v-sort output
  Ranking v-sort output time: 00:00:00
  Invoking Larsson-Sadakane on ranks
  Invoking Larsson-Sadakane on ranks time: 00:00:00
  Sanity-checking and returning
Building samples
Reserving space for 108 sample suffixes
Generating random suffixes
QSorting 108 sample offsets, eliminating duplicates
QSorting sample offsets, eliminating duplicates time: 00:00:00
Multikey QSorting 108 samples
  (Using difference cover)
  Multikey QSorting samples time: 00:00:00
Calculating bucket sizes
Splitting and merging
  Splitting and merging time: 00:00:00
Split 15, merged 47; iterating...
Splitting and merging
  Splitting and merging time: 00:00:00
Split 8, merged 9; iterating...
Splitting and merging
  Splitting and merging time: 00:00:00
Split 3, merged 5; iterating...
Splitting and merging
  Splitting and merging time: 00:00:00
Split 2, merged 4; iterating...
Splitting and merging
  Splitting and merging time: 00:00:00
Split 1, merged 2; iterating...
Avg bucket size: 4246.28 (target: 5653)
Converting suffix-array elements to index image
Allocating ftab, absorbFtab
Entering Ebwt loop
Getting block 1 of 71
  Reserving size (5654) for bucket 1
Getting block 2 of 71
Getting block 3 of 71
Getting block 4 of 71
  Calculating Z arrays for bucket 1
  Reserving size (5654) for bucket 2
  Reserving size (5654) for bucket 3
  Reserving size (5654) for bucket 4
  Calculating Z arrays for bucket 2
  Entering block accumulator loop for bucket 1:
  Calculating Z arrays for bucket 3
  Calculating Z arrays for bucket 4
  Entering block accumulator loop for bucket 2:
  Entering block accumulator loop for bucket 3:
  Entering block accumulator loop for bucket 4:
  bucket 1: 10%
  bucket 2: 10%
  bucket 4: 10%
  bucket 3: 10%
  bucket 1: 20%
  bucket 2: 20%
  bucket 4: 20%
  bucket 3: 20%
  bucket 1: 30%
  bucket 2: 30%
  bucket 4: 30%
  bucket 3: 30%
  bucket 1: 40%
  bucket 2: 40%
  bucket 4: 40%
  bucket 3: 40%
  bucket 1: 50%
  bucket 2: 50%
  bucket 4: 50%
  bucket 3: 50%
  bucket 1: 60%
  bucket 2: 60%
  bucket 4: 60%
  bucket 3: 60%
  bucket 1: 70%
  bucket 2: 70%
  bucket 1: 80%
  bucket 4: 70%
  bucket 3: 70%
  bucket 1: 90%
  bucket 2: 80%
  bucket 4: 80%
  bucket 3: 80%
  bucket 1: 100%
  Sorting block of length 5455 for bucket 1
  (Using difference cover)
  bucket 2: 90%
  bucket 4: 90%
  bucket 3: 90%
  bucket 2: 100%
  Sorting block of length 5136 for bucket 2
  (Using difference cover)
  bucket 4: 100%
  bucket 3: 100%
  Sorting block of length 5033 for bucket 4
  (Using difference cover)
  Sorting block of length 3558 for bucket 3
  (Using difference cover)
  Sorting block time: 00:00:00
Returning block of 5456 for bucket 1
Getting block 5 of 71
  Reserving size (5654) for bucket 5
  Calculating Z arrays for bucket 5
  Entering block accumulator loop for bucket 5:
  Sorting block time: 00:00:00
Returning block of 5137 for bucket 2
  Sorting block time: 00:00:00
Returning block of 5034 for bucket 4
  Sorting block time: 00:00:00
Returning block of 3559 for bucket 3
  bucket 5: 10%
Getting block 6 of 71
  Reserving size (5654) for bucket 6
  Calculating Z arrays for bucket 6
  Entering block accumulator loop for bucket 6:
Getting block 7 of 71
  Reserving size (5654) for bucket 7
  Calculating Z arrays for bucket 7
  bucket 5: 20%
  Entering block accumulator loop for bucket 7:
Getting block 8 of 71
  Reserving size (5654) for bucket 8
  Calculating Z arrays for bucket 8
  Entering block accumulator loop for bucket 8:
  bucket 6: 10%
  bucket 5: 30%
  bucket 7: 10%
  bucket 8: 10%
  bucket 5: 40%
  bucket 6: 20%
  bucket 7: 20%
  bucket 8: 20%
  bucket 5: 50%
  bucket 6: 30%
  bucket 7: 30%
  bucket 8: 30%
  bucket 5: 60%
  bucket 6: 40%
  bucket 7: 40%
  bucket 8: 40%
  bucket 5: 70%
  bucket 6: 50%
  bucket 7: 50%
  bucket 5: 80%
  bucket 8: 50%
  bucket 6: 60%
  bucket 7: 60%
  bucket 5: 90%
  bucket 8: 60%
  bucket 6: 70%
  bucket 5: 100%
  Sorting block of length 2520 for bucket 5
  (Using difference cover)
  bucket 7: 70%
  bucket 8: 70%
  bucket 6: 80%
  bucket 7: 80%
  bucket 8: 80%
  bucket 6: 90%
  Sorting block time: 00:00:00
Returning block of 2521 for bucket 5
  bucket 7: 90%
  bucket 6: 100%
  Sorting block of length 4027 for bucket 6
  (Using difference cover)
  bucket 8: 90%
Getting block 9 of 71
  Reserving size (5654) for bucket 9
  Calculating Z arrays for bucket 9
  Entering block accumulator loop for bucket 9:
  bucket 7: 100%
  Sorting block of length 5529 for bucket 7
  (Using difference cover)
  bucket 8: 100%
  Sorting block of length 4936 for bucket 8
  (Using difference cover)
  bucket 9: 10%
  bucket 9: 20%
  Sorting block time: 00:00:00
Returning block of 4028 for bucket 6
  bucket 9: 30%
Getting block 10 of 71
  Reserving size (5654) for bucket 10
  Calculating Z arrays for bucket 10
  Entering block accumulator loop for bucket 10:
  Sorting block time: 00:00:00
Returning block of 5530 for bucket 7
  bucket 9: 40%
  bucket 10: 10%
  Sorting block time: 00:00:00
Returning block of 4937 for bucket 8
Getting block 11 of 71
  Reserving size (5654) for bucket 11
  Calculating Z arrays for bucket 11
  Entering block accumulator loop for bucket 11:
  bucket 9: 50%
  bucket 10: 20%
Getting block 12 of 71
  Reserving size (5654) for bucket 12
  Calculating Z arrays for bucket 12
  Entering block accumulator loop for bucket 12:
  bucket 11: 10%
  bucket 9: 60%
  bucket 10: 30%
  bucket 12: 10%
  bucket 11: 20%
  bucket 9: 70%
  bucket 10: 40%
  bucket 12: 20%
  bucket 11: 30%
  bucket 9: 80%
  bucket 10: 50%
  bucket 12: 30%
  bucket 11: 40%
  bucket 9: 90%
  bucket 10: 60%
  bucket 12: 40%
  bucket 11: 50%
  bucket 9: 100%
  Sorting block of length 5137 for bucket 9
  (Using difference cover)
  bucket 10: 70%
  bucket 12: 50%
  bucket 11: 60%
  bucket 10: 80%
  bucket 12: 60%
  bucket 11: 70%
  bucket 10: 90%
  bucket 12: 70%
  bucket 11: 80%
  Sorting block time: 00:00:00
Returning block of 5138 for bucket 9
  bucket 10: 100%
  Sorting block of length 3277 for bucket 10
  (Using difference cover)
  bucket 12: 80%
  bucket 11: 90%
Getting block 13 of 71
  Reserving size (5654) for bucket 13
  Calculating Z arrays for bucket 13
  Entering block accumulator loop for bucket 13:
  bucket 12: 90%
  bucket 11: 100%
  Sorting block of length 5181 for bucket 11
  (Using difference cover)
  bucket 13: 10%
  Sorting block time: 00:00:00
Returning block of 3278 for bucket 10
  bucket 12: 100%
  Sorting block of length 5589 for bucket 12
  (Using difference cover)
  bucket 13: 20%
Getting block 14 of 71
  Reserving size (5654) for bucket 14
  Calculating Z arrays for bucket 14
  Entering block accumulator loop for bucket 14:
  bucket 13: 30%
  bucket 14: 10%
  bucket 13: 40%
  bucket 14: 20%
  Sorting block time: 00:00:00
Returning block of 5182 for bucket 11
  bucket 13: 50%
  bucket 14: 30%
Getting block 15 of 71
  Reserving size (5654) for bucket 15
  Calculating Z arrays for bucket 15
  Entering block accumulator loop for bucket 15:
  Sorting block time: 00:00:00
Returning block of 5590 for bucket 12
  bucket 13: 60%
  bucket 14: 40%
  bucket 15: 10%
Getting block 16 of 71
  Reserving size (5654) for bucket 16
  Calculating Z arrays for bucket 16
  Entering block accumulator loop for bucket 16:
  bucket 13: 70%
  bucket 14: 50%
  bucket 15: 20%
  bucket 16: 10%
  bucket 13: 80%
  bucket 14: 60%
  bucket 15: 30%
  bucket 16: 20%
  bucket 13: 90%
  bucket 14: 70%
  bucket 15: 40%
  bucket 16: 30%
  bucket 13: 100%
  Sorting block of length 3938 for bucket 13
  (Using difference cover)
  bucket 14: 80%
  bucket 15: 50%
  bucket 16: 40%
  bucket 14: 90%
  bucket 15: 60%
  bucket 16: 50%
  bucket 14: 100%
  Sorting block of length 3282 for bucket 14
  (Using difference cover)
  Sorting block time: 00:00:00
Returning block of 3939 for bucket 13
  bucket 15: 70%
  bucket 16: 60%
Getting block 17 of 71
  Reserving size (5654) for bucket 17
  Calculating Z arrays for bucket 17
  Entering block accumulator loop for bucket 17:
  bucket 15: 80%
  bucket 16: 70%
  bucket 17: 10%
  Sorting block time: 00:00:00
Returning block of 3283 for bucket 14
  bucket 15: 90%
  bucket 16: 80%
Getting block 18 of 71
  Reserving size (5654) for bucket 18
  Calculating Z arrays for bucket 18
  Entering block accumulator loop for bucket 18:
  bucket 17: 20%
  bucket 15: 100%
  Sorting block of length 5541 for bucket 15
  (Using difference cover)
  bucket 16: 90%
  bucket 17: 30%
  bucket 18: 10%
  bucket 17: 40%
  bucket 16: 100%
  Sorting block of length 1627 for bucket 16
  (Using difference cover)
  bucket 18: 20%
  bucket 17: 50%
  bucket 18: 30%
  Sorting block time: 00:00:00
Returning block of 1628 for bucket 16
  Sorting block time: 00:00:00
Returning block of 5542 for bucket 15
  bucket 17: 60%
  bucket 18: 40%
Getting block 19 of 71
  Reserving size (5654) for bucket 19
  Calculating Z arrays for bucket 19
  Entering block accumulator loop for bucket 19:
Getting block 20 of 71
  Reserving size (5654) for bucket 20
  Calculating Z arrays for bucket 20
  Entering block accumulator loop for bucket 20:
  bucket 18: 50%
  bucket 17: 70%
  bucket 19: 10%
  bucket 20: 10%
  bucket 18: 60%
  bucket 17: 80%
  bucket 19: 20%
  bucket 20: 20%
  bucket 18: 70%
  bucket 17: 90%
  bucket 19: 30%
  bucket 20: 30%
  bucket 17: 100%
  bucket 18: 80%
  Sorting block of length 4942 for bucket 17
  (Using difference cover)
  bucket 19: 40%
  bucket 20: 40%
  bucket 18: 90%
  bucket 20: 50%
  bucket 19: 50%
  bucket 18: 100%
  Sorting block of length 2947 for bucket 18
  (Using difference cover)
  Sorting block time: 00:00:00
Returning block of 4943 for bucket 17
  bucket 20: 60%
  bucket 19: 60%
Getting block 21 of 71
  Reserving size (5654) for bucket 21
  Calculating Z arrays for bucket 21
  Entering block accumulator loop for bucket 21:
  bucket 20: 70%
  bucket 19: 70%
  Sorting block time: 00:00:00
Returning block of 2948 for bucket 18
  bucket 21: 10%
  bucket 20: 80%
Getting block 22 of 71
  Reserving size (5654) for bucket 22
  Calculating Z arrays for bucket 22
  Entering block accumulator loop for bucket 22:
  bucket 19: 80%
  bucket 21: 20%
  bucket 20: 90%
  bucket 22: 10%
  bucket 19: 90%
  bucket 21: 30%
  bucket 20: 100%
  Sorting block of length 5056 for bucket 20
  (Using difference cover)
  bucket 22: 20%
  bucket 19: 100%
  Sorting block of length 4251 for bucket 19
  (Using difference cover)
  bucket 21: 40%
  bucket 22: 30%
  bucket 21: 50%
  bucket 22: 40%
  bucket 21: 60%
  Sorting block time: 00:00:00
Returning block of 4252 for bucket 19
  Sorting block time: 00:00:00
Returning block of 5057 for bucket 20
  bucket 22: 50%
Getting block 23 of 71
  Reserving size (5654) for bucket 23
  Calculating Z arrays for bucket 23
  Entering block accumulator loop for bucket 23:
  bucket 21: 70%
Getting block 24 of 71
  Reserving size (5654) for bucket 24
  Calculating Z arrays for bucket 24
  Entering block accumulator loop for bucket 24:
  bucket 22: 60%
  bucket 23: 10%
  bucket 21: 80%
  bucket 24: 10%
  bucket 22: 70%
  bucket 23: 20%
  bucket 21: 90%
  bucket 24: 20%
  bucket 22: 80%
  bucket 23: 30%
  bucket 21: 100%
  Sorting block of length 3793 for bucket 21
  (Using difference cover)
  bucket 24: 30%
  bucket 22: 90%
  bucket 23: 40%
  bucket 24: 40%
  bucket 22: 100%
  Sorting block of length 5532 for bucket 22
  (Using difference cover)
  bucket 23: 50%
  bucket 24: 50%
  Sorting block time: 00:00:00
Returning block of 3794 for bucket 21
  bucket 23: 60%
  bucket 24: 60%
Getting block 25 of 71
  Reserving size (5654) for bucket 25
  Calculating Z arrays for bucket 25
  Entering block accumulator loop for bucket 25:
  bucket 23: 70%
  bucket 24: 70%
  bucket 25: 10%
  Sorting block time: 00:00:00
Returning block of 5533 for bucket 22
  bucket 23: 80%
  bucket 24: 80%
Getting block 26 of 71
  Reserving size (5654) for bucket 26
  Calculating Z arrays for bucket 26
  Entering block accumulator loop for bucket 26:
  bucket 25: 20%
  bucket 23: 90%
  bucket 24: 90%
  bucket 26: 10%
  bucket 25: 30%
  bucket 23: 100%
  Sorting block of length 4003 for bucket 23
  (Using difference cover)
  bucket 24: 100%
  Sorting block of length 2932 for bucket 24
  (Using difference cover)
  bucket 26: 20%
  bucket 25: 40%
  bucket 26: 30%
  bucket 25: 50%
  Sorting block time: 00:00:00
Returning block of 2933 for bucket 24
  bucket 25: 60%
  bucket 26: 40%
  Sorting block time: 00:00:00
Returning block of 4004 for bucket 23
Getting block 27 of 71
  Reserving size (5654) for bucket 27
  Calculating Z arrays for bucket 27
  Entering block accumulator loop for bucket 27:
  bucket 25: 70%
Getting block 28 of 71
  Reserving size (5654) for bucket 28
  Calculating Z arrays for bucket 28
  bucket 26: 50%
  Entering block accumulator loop for bucket 28:
  bucket 27: 10%
  bucket 25: 80%
  bucket 26: 60%
  bucket 28: 10%
  bucket 27: 20%
  bucket 25: 90%
  bucket 26: 70%
  bucket 28: 20%
  bucket 27: 30%
  bucket 25: 100%
  Sorting block of length 5496 for bucket 25
  (Using difference cover)
  bucket 26: 80%
  bucket 28: 30%
  bucket 27: 40%
  bucket 26: 90%
  bucket 28: 40%
  bucket 27: 50%
  bucket 26: 100%
  Sorting block of length 5427 for bucket 26
  (Using difference cover)
  bucket 28: 50%
  bucket 27: 60%
  Sorting block time: 00:00:00
Returning block of 5497 for bucket 25
  bucket 28: 60%
  bucket 27: 70%
Getting block 29 of 71
  Reserving size (5654) for bucket 29
  Calculating Z arrays for bucket 29
  Entering block accumulator loop for bucket 29:
  bucket 28: 70%
  bucket 27: 80%
  bucket 29: 10%
  Sorting block time: 00:00:00
Returning block of 5428 for bucket 26
  bucket 28: 80%
  bucket 27: 90%
  bucket 29: 20%
Getting block 30 of 71
  Reserving size (5654) for bucket 30
  Calculating Z arrays for bucket 30
  Entering block accumulator loop for bucket 30:
  bucket 28: 90%
  bucket 27: 100%
  Sorting block of length 3866 for bucket 27
  (Using difference cover)
  bucket 29: 30%
  bucket 30: 10%
  bucket 28: 100%
  Sorting block of length 4778 for bucket 28
  (Using difference cover)
  bucket 29: 40%
  bucket 30: 20%
  bucket 29: 50%
  bucket 30: 30%
  Sorting block time: 00:00:00
Returning block of 3867 for bucket 27
  Sorting block time: 00:00:00
Returning block of 4779 for bucket 28
  bucket 29: 60%
Getting block 31 of 71
  Reserving size (5654) for bucket 31
  Calculating Z arrays for bucket 31
  bucket 30: 40%
  Entering block accumulator loop for bucket 31:
Getting block 32 of 71
  Reserving size (5654) for bucket 32
  Calculating Z arrays for bucket 32
  Entering block accumulator loop for bucket 32:
  bucket 29: 70%
  bucket 30: 50%
  bucket 31: 10%
  bucket 32: 10%
  bucket 29: 80%
  bucket 30: 60%
  bucket 31: 20%
  bucket 32: 20%
  bucket 29: 90%
  bucket 30: 70%
  bucket 31: 30%
  bucket 32: 30%
  bucket 29: 100%
  Sorting block of length 2735 for bucket 29
  (Using difference cover)
  bucket 30: 80%
  bucket 31: 40%
  bucket 32: 40%
  bucket 30: 90%
  bucket 31: 50%
  Sorting block time: 00:00:00
Returning block of 2736 for bucket 29
  bucket 32: 50%
  bucket 30: 100%
  Sorting block of length 4601 for bucket 30
  (Using difference cover)
Getting block 33 of 71
  Reserving size (5654) for bucket 33
  bucket 31: 60%
  Calculating Z arrays for bucket 33
  Entering block accumulator loop for bucket 33:
  bucket 32: 60%
  bucket 31: 70%
  bucket 33: 10%
  bucket 32: 70%
  bucket 31: 80%
  bucket 33: 20%
  Sorting block time: 00:00:00
Returning block of 4602 for bucket 30
  bucket 32: 80%
  bucket 31: 90%
Getting block 34 of 71
  Reserving size (5654) for bucket 34
  Calculating Z arrays for bucket 34
  bucket 33: 30%
  Entering block accumulator loop for bucket 34:
  bucket 32: 90%
  bucket 31: 100%
  Sorting block of length 4843 for bucket 31
  (Using difference cover)
  bucket 33: 40%
  bucket 34: 10%
  bucket 32: 100%
  Sorting block of length 3618 for bucket 32
  (Using difference cover)
  bucket 33: 50%
  bucket 34: 20%
  bucket 33: 60%
  bucket 34: 30%
  Sorting block time: 00:00:00
Returning block of 3619 for bucket 32
  Sorting block time: 00:00:00
Returning block of 4844 for bucket 31
  bucket 33: 70%
Getting block 35 of 71
  Reserving size (5654) for bucket 35
  Calculating Z arrays for bucket 35
  Entering block accumulator loop for bucket 35:
Getting block 36 of 71
  Reserving size (5654) for bucket 36
  Calculating Z arrays for bucket 36
  Entering block accumulator loop for bucket 36:
  bucket 34: 40%
  bucket 33: 80%
  bucket 35: 10%
  bucket 36: 10%
  bucket 34: 50%
  bucket 33: 90%
  bucket 35: 20%
  bucket 36: 20%
  bucket 34: 60%
  bucket 33: 100%
  Sorting block of length 3876 for bucket 33
  (Using difference cover)
  bucket 35: 30%
  bucket 36: 30%
  bucket 34: 70%
  bucket 35: 40%
  bucket 36: 40%
  bucket 34: 80%
  bucket 35: 50%
  bucket 36: 50%
  Sorting block time: 00:00:00
Returning block of 3877 for bucket 33
Getting block 37 of 71
  Reserving size (5654) for bucket 37
  Calculating Z arrays for bucket 37
  Entering block accumulator loop for bucket 37:
  bucket 34: 90%
  bucket 35: 60%
  bucket 36: 60%
  bucket 37: 10%
  bucket 35: 70%
  bucket 36: 70%
  bucket 34: 100%
  Sorting block of length 2851 for bucket 34
  (Using difference cover)
  bucket 37: 20%
  bucket 35: 80%
  bucket 36: 80%
  Sorting block time: 00:00:00
Returning block of 2852 for bucket 34
  bucket 37: 30%
  bucket 36: 90%
  bucket 35: 90%
Getting block 38 of 71
  Reserving size (5654) for bucket 38
  Calculating Z arrays for bucket 38
  Entering block accumulator loop for bucket 38:
  bucket 37: 40%
  bucket 36: 100%
  Sorting block of length 2889 for bucket 36
  (Using difference cover)
  bucket 35: 100%
  Sorting block of length 5383 for bucket 35
  (Using difference cover)
  bucket 38: 10%
  bucket 37: 50%
  bucket 38: 20%
  bucket 37: 60%
  Sorting block time: 00:00:00
Returning block of 2890 for bucket 36
  bucket 38: 30%
Getting block 39 of 71
  Reserving size (5654) for bucket 39
  Calculating Z arrays for bucket 39
  Entering block accumulator loop for bucket 39:
  bucket 37: 70%
  Sorting block time: 00:00:00
Returning block of 5384 for bucket 35
  bucket 38: 40%
  bucket 37: 80%
  bucket 39: 10%
Getting block 40 of 71
  Reserving size (5654) for bucket 40
  Calculating Z arrays for bucket 40
  Entering block accumulator loop for bucket 40:
  bucket 38: 50%
  bucket 37: 90%
  bucket 39: 20%
  bucket 40: 10%
  bucket 38: 60%
  bucket 37: 100%
  Sorting block of length 5051 for bucket 37
  (Using difference cover)
  bucket 39: 30%
  bucket 40: 20%
  bucket 38: 70%
  bucket 39: 40%
  bucket 40: 30%
  bucket 38: 80%
  bucket 39: 50%
  bucket 40: 40%
  Sorting block time: 00:00:00
Returning block of 5052 for bucket 37
  bucket 38: 90%
  bucket 39: 60%
Getting block 41 of 71
  Reserving size (5654) for bucket 41
  Calculating Z arrays for bucket 41
  Entering block accumulator loop for bucket 41:
  bucket 40: 50%
  bucket 38: 100%
  Sorting block of length 3603 for bucket 38
  (Using difference cover)
  bucket 39: 70%
  bucket 41: 10%
  bucket 40: 60%
  bucket 39: 80%
  bucket 41: 20%
  bucket 40: 70%
  Sorting block time: 00:00:00
Returning block of 3604 for bucket 38
  bucket 39: 90%
Getting block 42 of 71
  Reserving size (5654) for bucket 42
  Calculating Z arrays for bucket 42
  bucket 41: 30%
  Entering block accumulator loop for bucket 42:
  bucket 40: 80%
  bucket 39: 100%
  Sorting block of length 3126 for bucket 39
  (Using difference cover)
  bucket 41: 40%
  bucket 42: 10%
  bucket 40: 90%
  bucket 41: 50%
  bucket 42: 20%
  bucket 40: 100%
  Sorting block of length 3867 for bucket 40
  (Using difference cover)
  Sorting block time: 00:00:00
Returning block of 3127 for bucket 39
  bucket 41: 60%
  bucket 42: 30%
Getting block 43 of 71
  Reserving size (5654) for bucket 43
  Calculating Z arrays for bucket 43
  Entering block accumulator loop for bucket 43:
  bucket 41: 70%
  bucket 42: 40%
  bucket 43: 10%
  Sorting block time: 00:00:00
Returning block of 3868 for bucket 40
  bucket 41: 80%
  bucket 42: 50%
Getting block 44 of 71
  Reserving size (5654) for bucket 44
  Calculating Z arrays for bucket 44
  Entering block accumulator loop for bucket 44:
  bucket 43: 20%
  bucket 41: 90%
  bucket 42: 60%
  bucket 44: 10%
  bucket 43: 30%
  bucket 41: 100%
  Sorting block of length 5239 for bucket 41
  (Using difference cover)
  bucket 42: 70%
  bucket 44: 20%
  bucket 43: 40%
  bucket 42: 80%
  bucket 44: 30%
  bucket 43: 50%
  bucket 42: 90%
  bucket 44: 40%
  bucket 43: 60%
  bucket 42: 100%
  Sorting block of length 5312 for bucket 42
  (Using difference cover)
  bucket 44: 50%
  bucket 43: 70%
  Sorting block time: 00:00:00
Returning block of 5240 for bucket 41
Getting block 45 of 71
  Reserving size (5654) for bucket 45
  Calculating Z arrays for bucket 45
  Entering block accumulator loop for bucket 45:
  bucket 43: 80%
  bucket 44: 60%
  bucket 45: 10%
  bucket 43: 90%
  bucket 44: 70%
  bucket 43: 100%
  Sorting block time: 00:00:00
  bucket 45: 20%
  Sorting block of length 4150 for bucket 43
  (Using difference cover)
Returning block of 5313 for bucket 42
  bucket 44: 80%
Getting block 46 of 71
  Reserving size (5654) for bucket 46
  Calculating Z arrays for bucket 46
  Entering block accumulator loop for bucket 46:
  bucket 45: 30%
  bucket 44: 90%
  bucket 46: 10%
  bucket 44: 100%
  bucket 45: 40%
  Sorting block of length 4524 for bucket 44
  (Using difference cover)
  bucket 46: 20%
  Sorting block time: 00:00:00
Returning block of 4151 for bucket 43
  bucket 45: 50%
Getting block 47 of 71
  Reserving size (5654) for bucket 47
  Calculating Z arrays for bucket 47
  Entering block accumulator loop for bucket 47:
  bucket 46: 30%
  bucket 45: 60%
  bucket 47: 10%
  Sorting block time: 00:00:00
Returning block of 4525 for bucket 44
  bucket 46: 40%
  bucket 45: 70%
Getting block 48 of 71
  Reserving size (5654) for bucket 48
  Calculating Z arrays for bucket 48
  Entering block accumulator loop for bucket 48:
  bucket 47: 20%
  bucket 45: 80%
  bucket 46: 50%
  bucket 48: 10%
  bucket 47: 30%
  bucket 45: 90%
  bucket 46: 60%
  bucket 48: 20%
  bucket 47: 40%
  bucket 45: 100%
  Sorting block of length 2053 for bucket 45
  (Using difference cover)
  bucket 46: 70%
  bucket 48: 30%
  bucket 47: 50%
  bucket 46: 80%
  Sorting block time: 00:00:00
Returning block of 2054 for bucket 45
  bucket 48: 40%
Getting block 49 of 71
  Reserving size (5654) for bucket 49
  Calculating Z arrays for bucket 49
  Entering block accumulator loop for bucket 49:
  bucket 47: 60%
  bucket 46: 90%
  bucket 48: 50%
  bucket 49: 10%
  bucket 47: 70%
  bucket 46: 100%
  Sorting block of length 5270 for bucket 46
  (Using difference cover)
  bucket 48: 60%
  bucket 47: 80%
  bucket 49: 20%
  bucket 48: 70%
  bucket 47: 90%
  bucket 49: 30%
  bucket 48: 80%
  Sorting block time: 00:00:00
Returning block of 5271 for bucket 46
  bucket 47: 100%
  Sorting block of length 5125 for bucket 47
  (Using difference cover)
  bucket 49: 40%
Getting block 50 of 71
  Reserving size (5654) for bucket 50
  Calculating Z arrays for bucket 50
  Entering block accumulator loop for bucket 50:
  bucket 48: 90%
  bucket 49: 50%
  bucket 50: 10%
  bucket 48: 100%
  Sorting block of length 3915 for bucket 48
  (Using difference cover)
  bucket 50: 20%
  bucket 49: 60%
  Sorting block time: 00:00:00
Returning block of 5126 for bucket 47
  bucket 50: 30%
Getting block 51 of 71
  Reserving size (5654) for bucket 51
  Calculating Z arrays for bucket 51
  Entering block accumulator loop for bucket 51:
  bucket 49: 70%
  Sorting block time: 00:00:00
Returning block of 3916 for bucket 48
  bucket 50: 40%
  bucket 51: 10%
Getting block 52 of 71
  Reserving size (5654) for bucket 52
  Calculating Z arrays for bucket 52
  Entering block accumulator loop for bucket 52:
  bucket 49: 80%
  bucket 50: 50%
  bucket 51: 20%
  bucket 52: 10%
  bucket 49: 90%
  bucket 50: 60%
  bucket 51: 30%
  bucket 52: 20%
  bucket 49: 100%
  Sorting block of length 4784 for bucket 49
  (Using difference cover)
  bucket 50: 70%
  bucket 51: 40%
  bucket 52: 30%
  bucket 50: 80%
  bucket 51: 50%
  bucket 52: 40%
  bucket 50: 90%
  bucket 51: 60%
  Sorting block time: 00:00:00
Returning block of 4785 for bucket 49
  bucket 52: 50%
  bucket 50: 100%
  Sorting block of length 5191 for bucket 50
  (Using difference cover)
  bucket 51: 70%
  bucket 52: 60%
  bucket 51: 80%
  bucket 52: 70%
  bucket 51: 90%
  bucket 52: 80%
  Sorting block time: 00:00:00
Returning block of 5192 for bucket 50
Getting block 53 of 71
  Reserving size (5654) for bucket 53
  Calculating Z arrays for bucket 53
  Entering block accumulator loop for bucket 53:
Getting block 54 of 71
  Reserving size (5654) for bucket 54
  Calculating Z arrays for bucket 54
  bucket 51: 100%
  Entering block accumulator loop for bucket 54:
  Sorting block of length 5496 for bucket 51
  (Using difference cover)
  bucket 52: 90%
  bucket 53: 10%
  bucket 54: 10%
  bucket 52: 100%
  Sorting block of length 4082 for bucket 52
  (Using difference cover)
  bucket 53: 20%
  bucket 54: 20%
  bucket 53: 30%
  Sorting block time: 00:00:00
Returning block of 5497 for bucket 51
  bucket 54: 30%
  bucket 53: 40%
Getting block 55 of 71
  Reserving size (5654) for bucket 55
  Calculating Z arrays for bucket 55
  Entering block accumulator loop for bucket 55:
  Sorting block time: 00:00:00
Returning block of 4083 for bucket 52
  bucket 54: 40%
  bucket 53: 50%
Getting block 56 of 71
  Reserving size (5654) for bucket 56
  Calculating Z arrays for bucket 56
  Entering block accumulator loop for bucket 56:
  bucket 55: 10%
  bucket 54: 50%
  bucket 53: 60%
  bucket 56: 10%
  bucket 55: 20%
  bucket 54: 60%
  bucket 53: 70%
  bucket 56: 20%
  bucket 55: 30%
  bucket 54: 70%
  bucket 53: 80%
  bucket 56: 30%
  bucket 55: 40%
  bucket 53: 90%
  bucket 54: 80%
  bucket 56: 40%
  bucket 55: 50%
  bucket 53: 100%
  Sorting block of length 4801 for bucket 53
  (Using difference cover)
  bucket 54: 90%
  bucket 56: 50%
  bucket 55: 60%
  bucket 54: 100%
  Sorting block of length 4383 for bucket 54
  (Using difference cover)
  bucket 56: 60%
  bucket 55: 70%
  Sorting block time: 00:00:00
Returning block of 4802 for bucket 53
  bucket 56: 70%
  bucket 55: 80%
Getting block 57 of 71
  Reserving size (5654) for bucket 57
  Calculating Z arrays for bucket 57
  Sorting block time: 00:00:00
  Entering block accumulator loop for bucket 57:
Returning block of 4384 for bucket 54
  bucket 56: 80%
Getting block 58 of 71
  Reserving size (5654) for bucket 58
  Calculating Z arrays for bucket 58
  bucket 55: 90%
  Entering block accumulator loop for bucket 58:
  bucket 57: 10%
  bucket 56: 90%
  bucket 55: 100%
  Sorting block of length 4959 for bucket 55
  (Using difference cover)
  bucket 58: 10%
  bucket 57: 20%
  bucket 56: 100%
  Sorting block of length 5149 for bucket 56
  (Using difference cover)
  bucket 58: 20%
  bucket 57: 30%
  bucket 58: 30%
  bucket 57: 40%
  Sorting block time: 00:00:00
Returning block of 4960 for bucket 55
  bucket 58: 40%
  bucket 57: 50%
Getting block 59 of 71
  Reserving size (5654) for bucket 59
  Calculating Z arrays for bucket 59
  Entering block accumulator loop for bucket 59:
  Sorting block time: 00:00:00
Returning block of 5150 for bucket 56
  bucket 58: 50%
  bucket 57: 60%
  bucket 59: 10%
Getting block 60 of 71
  Reserving size (5654) for bucket 60
  Calculating Z arrays for bucket 60
  Entering block accumulator loop for bucket 60:
  bucket 58: 60%
  bucket 57: 70%
  bucket 59: 20%
  bucket 60: 10%
  bucket 58: 70%
  bucket 57: 80%
  bucket 59: 30%
  bucket 60: 20%
  bucket 57: 90%
  bucket 58: 80%
  bucket 59: 40%
  bucket 60: 30%
  bucket 57: 100%
  Sorting block of length 1846 for bucket 57
  (Using difference cover)
  bucket 58: 90%
  bucket 59: 50%
  bucket 60: 40%
  bucket 58: 100%
  Sorting block of length 5303 for bucket 58
  (Using difference cover)
  bucket 59: 60%
  bucket 60: 50%
  Sorting block time: 00:00:00
Returning block of 1847 for bucket 57
Getting block 61 of 71
  Reserving size (5654) for bucket 61
  Calculating Z arrays for bucket 61
  Entering block accumulator loop for bucket 61:
  bucket 59: 70%
  bucket 60: 60%
  bucket 61: 10%
  bucket 59: 80%
  Sorting block time: 00:00:00
Returning block of 5304 for bucket 58
  bucket 60: 70%
  bucket 61: 20%
Getting block 62 of 71
  Reserving size (5654) for bucket 62
  Calculating Z arrays for bucket 62
  Entering block accumulator loop for bucket 62:
  bucket 59: 90%
  bucket 60: 80%
  bucket 61: 30%
  bucket 62: 10%
  bucket 59: 100%
  Sorting block of length 4392 for bucket 59
  (Using difference cover)
  bucket 60: 90%
  bucket 61: 40%
  bucket 62: 20%
  bucket 60: 100%
  Sorting block of length 1419 for bucket 60
  (Using difference cover)
  bucket 61: 50%
  bucket 62: 30%
  Sorting block time: 00:00:00
Returning block of 1420 for bucket 60
  bucket 61: 60%
  Sorting block time: 00:00:00
Returning block of 4393 for bucket 59
Getting block 63 of 71
  Reserving size (5654) for bucket 63
  Calculating Z arrays for bucket 63
  bucket 62: 40%
  Entering block accumulator loop for bucket 63:
Getting block 64 of 71
  Reserving size (5654) for bucket 64
  Calculating Z arrays for bucket 64
  Entering block accumulator loop for bucket 64:
  bucket 61: 70%
  bucket 62: 50%
  bucket 63: 10%
  bucket 64: 10%
  bucket 61: 80%
  bucket 63: 20%
  bucket 62: 60%
  bucket 64: 20%
  bucket 61: 90%
  bucket 63: 30%
  bucket 62: 70%
  bucket 64: 30%
  bucket 61: 100%
  Sorting block of length 4636 for bucket 61
  (Using difference cover)
  bucket 63: 40%
  bucket 62: 80%
  bucket 64: 40%
  bucket 63: 50%
  bucket 64: 50%
  bucket 62: 90%
  bucket 63: 60%
  bucket 64: 60%
  bucket 62: 100%
  Sorting block of length 2784 for bucket 62
  (Using difference cover)
  bucket 63: 70%
  bucket 64: 70%
  Sorting block time: 00:00:00
Returning block of 4637 for bucket 61
Getting block 65 of 71
  Reserving size (5654) for bucket 65
  Calculating Z arrays for bucket 65
  Entering block accumulator loop for bucket 65:
  bucket 64: 80%
  bucket 63: 80%
  Sorting block time: 00:00:00
Returning block of 2785 for bucket 62
Getting block 66 of 71
  Reserving size (5654) for bucket 66
  Calculating Z arrays for bucket 66
  Entering block accumulator loop for bucket 66:
  bucket 65: 10%
  bucket 64: 90%
  bucket 63: 90%
  bucket 65: 20%
  bucket 66: 10%
  bucket 64: 100%
  Sorting block of length 3267 for bucket 64
  (Using difference cover)
  bucket 63: 100%
  Sorting block of length 4942 for bucket 63
  (Using difference cover)
  bucket 65: 30%
  bucket 66: 20%
  bucket 65: 40%
  bucket 66: 30%
  Sorting block time: 00:00:00
Returning block of 3268 for bucket 64
  bucket 65: 50%
Getting block 67 of 71
  Reserving size (5654) for bucket 67
  Calculating Z arrays for bucket 67
  Entering block accumulator loop for bucket 67:
  bucket 66: 40%
  Sorting block time: 00:00:00
Returning block of 4943 for bucket 63
  bucket 65: 60%
Getting block 68 of 71
  Reserving size (5654) for bucket 68
  Calculating Z arrays for bucket 68
  bucket 67: 10%
  Entering block accumulator loop for bucket 68:
  bucket 66: 50%
  bucket 65: 70%
  bucket 67: 20%
  bucket 68: 10%
  bucket 66: 60%
  bucket 65: 80%
  bucket 67: 30%
  bucket 68: 20%
  bucket 66: 70%
  bucket 65: 90%
  bucket 67: 40%
  bucket 68: 30%
  bucket 66: 80%
  bucket 65: 100%
  Sorting block of length 5099 for bucket 65
  (Using difference cover)
  bucket 67: 50%
  bucket 68: 40%
  bucket 66: 90%
  bucket 67: 60%
  bucket 68: 50%
  bucket 66: 100%
  Sorting block of length 5616 for bucket 66
  (Using difference cover)
  bucket 67: 70%
  bucket 68: 60%
  Sorting block time: 00:00:00
Returning block of 5100 for bucket 65
Getting block 69 of 71
  Reserving size (5654) for bucket 69
  Calculating Z arrays for bucket 69
  bucket 67: 80%
  Entering block accumulator loop for bucket 69:
  bucket 68: 70%
  bucket 69: 10%
  bucket 67: 90%
  bucket 68: 80%
  Sorting block time: 00:00:00
Returning block of 5617 for bucket 66
  bucket 69: 20%
  bucket 67: 100%
  Sorting block of length 3676 for bucket 67
  (Using difference cover)
Getting block 70 of 71
  bucket 68: 90%
  Reserving size (5654) for bucket 70
  Calculating Z arrays for bucket 70
  Entering block accumulator loop for bucket 70:
  bucket 69: 30%
  bucket 68: 100%
  Sorting block of length 2912 for bucket 68
  (Using difference cover)
  bucket 70: 10%
  bucket 69: 40%
  bucket 70: 20%
  bucket 69: 50%
  Sorting block time: 00:00:00
Returning block of 3677 for bucket 67
  Sorting block time: 00:00:00
Returning block of 2913 for bucket 68
  bucket 70: 30%
Getting block 71 of 71
  Reserving size (5654) for bucket 71
  Calculating Z arrays for bucket 71
  bucket 69: 60%
  Entering block accumulator loop for bucket 71:
  bucket 70: 40%
  bucket 71: 10%
  bucket 69: 70%
  bucket 70: 50%
  bucket 71: 20%
  bucket 69: 80%
  bucket 71: 30%
  bucket 70: 60%
  bucket 71: 40%
  bucket 69: 90%
  bucket 70: 70%
  bucket 71: 50%
  bucket 69: 100%
  Sorting block of length 4391 for bucket 69
  (Using difference cover)
  bucket 70: 80%
  bucket 71: 60%
  bucket 71: 70%
  bucket 70: 90%
  bucket 71: 80%
  Sorting block time: 00:00:00
Returning block of 4392 for bucket 69
  bucket 70: 100%
  Sorting block of length 2381 for bucket 70
  (Using difference cover)
  bucket 71: 90%
  bucket 71: 100%
  Sorting block of length 5157 for bucket 71
  (Using difference cover)
  Sorting block time: 00:00:00
Returning block of 2382 for bucket 70
  Sorting block time: 00:00:00
Returning block of 5158 for bucket 71
Exited Ebwt loop
fchr[A]: 0
fchr[C]: 80521
fchr[G]: 142692
fchr[T]: 207370
fchr[$]: 301556
Exiting Ebwt::buildToDisk()
Returning from initFromVector
Wrote 4348725 bytes to primary EBWT file: ./bowtie2_index/upDownStream_combined_noDup/upDownStream_combined_noDup.rev.1.bt2
Wrote 75396 bytes to secondary EBWT file: ./bowtie2_index/upDownStream_combined_noDup/upDownStream_combined_noDup.rev.2.bt2
Re-opening _in1 and _in2 as input streams
Returning from Ebwt constructor
Headers:
    len: 301556
    bwtLen: 301557
    sz: 75389
    bwtSz: 75390
    lineRate: 6
    offRate: 4
    offMask: 0xfffffff0
    ftabChars: 10
    eftabLen: 20
    eftabSz: 80
    ftabLen: 1048577
    ftabSz: 4194308
    offsLen: 18848
    offsSz: 75392
    lineSz: 64
    sideSz: 64
    sideBwtSz: 48
    sideBwtLen: 192
    numSides: 1571
    numLines: 1571
    ebwtTotLen: 100544
    ebwtTotSz: 100544
    color: 0
    reverse: 1
Total time for backward call to driver() for mirror index: 00:00:00
